[2025-03-02 09:24:04] Scraped Discworld mechanics from https://discworld.starturtle.net/lpc/playing/documentation.c?path=/newbie/essentials - neutral tone
[2025-03-02 09:24:05] Scraped Discworld mechanics from https://discworld.starturtle.net/lpc/playing/documentation.c?path=/ - neutral tone
[2025-03-02 09:24:06] Scraped Discworld mechanics from https://discworld.starturtle.net/lpc/ - neutral tone
[2025-03-02 09:24:08] Scraped Discworld mechanics from https://dwwiki.mooo.com/ - neutral tone
[2025-03-02 09:24:09] Scraped Discworld mechanics from https://dwwiki.mooo.com/wiki/Syntax - neutral tone
[2025-03-02 09:24:10] Scraped Discworld mechanics from https://dwwiki.mooo.com/wiki/Options - neutral tone
[2025-03-02 09:24:12] Scraped Discworld mechanics from https://dwwiki.mooo.com/wiki/Tactics - neutral tone
[2025-03-02 09:24:13] Scraped Discworld mechanics from https://dwwiki.mooo.com/wiki/Dodge - neutral tone
[2025-03-02 09:24:14] Scraped Discworld mechanics from https://dwwiki.mooo.com/wiki/Block - neutral tone
[2025-03-02 09:24:16] Scraped Discworld mechanics from https://dwwiki.mooo.com/wiki/Parry - neutral tone
[2025-03-02 09:24:17] Scraped Discworld mechanics from https://dwwiki.mooo.com/wiki/Defend - neutral tone
[2025-03-02 09:24:18] Scraped Discworld mechanics from https://dwwiki.mooo.com/wiki/Protect - neutral tone
[2025-03-02 09:24:20] Scraped Discworld mechanics from https://dwwiki.mooo.com/wiki/Action_points - neutral tone
[2025-03-02 09:24:21] Scraped Discworld mechanics from https://dwwiki.mooo.com/wiki/Friend - neutral tone
[2025-03-02 09:24:22] Scraped Discworld mechanics from https://dwwiki.mooo.com/wiki/Inform - neutral tone
[2025-03-02 09:24:23] Scraped Discworld mechanics from https://dwwiki.mooo.com/wiki/Achievements - neutral tone
[2025-03-02 09:24:25] Scraped Discworld mechanics from https://dwwiki.mooo.com/wiki/Quests - neutral tone
[2025-03-02 09:24:26] Scraped Discworld mechanics from https://dwwiki.mooo.com/wiki/Soul - neutral tone
[2025-03-02 09:24:28] Scraped Discworld mechanics from https://dwwiki.mooo.com/wiki/Roleplaying_(command) - neutral tone
[2025-03-02 09:24:29] Scraped Discworld mechanics from https://dwwiki.mooo.com/wiki/Customization - neutral tone
[2025-03-02 09:24:31] Scraped Discworld mechanics from https://dwwiki.mooo.com/wiki/Writing_a_description - neutral tone
[2025-03-02 09:24:32] Scraped Discworld mechanics from https://dwwiki.mooo.com/wiki/Title - neutral tone
[2025-03-02 09:24:34] Scraped Discworld mechanics from https://dwwiki.mooo.com/wiki/Who - neutral tone
[2025-03-02 09:24:35] Scraped Discworld mechanics from https://dwwiki.mooo.com/wiki/Position - neutral tone
[2025-03-02 09:24:36] Scraped Discworld mechanics from https://dwwiki.mooo.com/wiki/Layers - neutral tone
[2025-03-02 09:24:38] Scraped Discworld mechanics from https://dwwiki.mooo.com/wiki/Armours - neutral tone
[2025-03-02 09:24:39] Scraped Discworld mechanics from https://dwwiki.mooo.com/wiki/Scabbard - neutral tone
[2025-03-02 09:24:41] Scraped Discworld mechanics from https://dwwiki.mooo.com/wiki/Temperature - neutral tone
[2025-03-02 09:24:42] Scraped Discworld mechanics from https://dwwiki.mooo.com/wiki/Clothing - neutral tone
[2025-03-02 09:24:44] Scraped Discworld mechanics from https://dwwiki.mooo.com/wiki/Weather - neutral tone
[2025-03-02 09:24:45] Scraped Discworld mechanics from https://dwwiki.mooo.com/wiki/Attack_messages - neutral tone
[2025-03-02 09:24:46] Scraped Discworld mechanics from https://dwwiki.mooo.com/wiki/Alignment - neutral tone
[2025-03-02 09:24:48] Scraped Discworld mechanics from https://www.gunde.de/discworld/sekiri/introduction.html - neutral tone
[2025-03-02 09:24:49] Scraped Discworld mechanics from https://www.gunde.de/discworld/sekiri/spells1.html#eff - neutral tone
[2025-03-02 09:24:51] Scraped Discworld mechanics from https://dwwiki.mooo.com/wiki/Spells - neutral tone
[2025-03-02 09:24:52] Scraped Discworld mechanics from https://dwwiki.mooo.com/wiki/Magic - neutral tone
[2025-03-02 09:24:54] Scraped Discworld mechanics from https://dwwiki.mooo.com/wiki/Teachers - neutral tone
[2025-03-02 09:24:55] Scraped Discworld mechanics from https://dwwiki.mooo.com/wiki/Theft - neutral tone
[2025-03-02 09:24:56] Scraped Discworld mechanics from https://dwwiki.mooo.com/wiki/Groups - neutral tone
[2025-03-02 09:25:02] Scraped Discworld mechanics from https://dwwiki.mooo.com/wiki/Languages - neutral tone
[2025-03-02 09:25:03] Scraped Discworld mechanics from https://dwwiki.mooo.com/wiki/Roleplaying - neutral tone
[2025-03-02 09:25:05] Scraped Discworld mechanics from https://dwwiki.mooo.com/wiki/Player_housing - neutral tone
[2025-03-02 09:25:06] Scraped Discworld mechanics from https://dwwiki.mooo.com/wiki/Player_shops - neutral tone
[2025-03-02 09:25:08] Scraped Discworld mechanics from https://dwwiki.mooo.com/wiki/Furniture - neutral tone
[2025-03-02 09:25:10] Scraped Discworld mechanics from https://dwwiki.mooo.com/wiki/Description_line - neutral tone
[2025-03-02 09:25:11] Scraped Discworld mechanics from https://dwwiki.mooo.com/wiki/Guild_Points - neutral tone
[2025-03-02 09:25:13] Scraped Discworld mechanics from https://dwwiki.mooo.com/wiki/Hit_points - neutral tone
[2025-03-02 09:25:14] Scraped Discworld mechanics from https://dwwiki.mooo.com/wiki/Skills - neutral tone
[2025-03-02 09:25:15] Scraped Discworld mechanics from https://dwwiki.mooo.com/wiki/Stats - neutral tone
[2025-03-02 09:25:17] Scraped Discworld mechanics from https://dwwiki.mooo.com/wiki/Experience_points - neutral tone
[2025-03-02 09:25:18] Scraped Discworld mechanics from https://dwwiki.mooo.com/wiki/Category:Commands - neutral tone
[2025-03-02 09:25:20] Scraped Discworld mechanics from https://dwwiki.mooo.com/wiki/Commands - neutral tone
[2025-03-02 09:25:21] Scraped Discworld mechanics from https://dwwiki.mooo.com/wiki/Crafts - neutral tone
[2025-03-02 09:25:21] Scraped Forgotten Realms data from https://forgottenrealms.fandom.com/wiki/Main_Page - neutral tone
[2025-03-02 09:25:21] Scraped Forgotten Realms data from https://forgottenrealms.fandom.com/wiki/Category:Races - neutral tone
[2025-03-02 09:25:22] Scraped Forgotten Realms data from https://forgottenrealms.fandom.com/wiki/Category:Classes - neutral tone
[2025-03-02 09:25:22] Scraped Forgotten Realms data from https://forgottenrealms.fandom.com/wiki/Portal:Deities - neutral tone
[2025-03-02 09:25:22] Scraped Forgotten Realms data from https://forgottenrealms.fandom.com/wiki/Category:Spells - neutral tone
[2025-03-02 09:25:22] Scraped Forgotten Realms data from https://forgottenrealms.fandom.com/wiki/Category:Rituals - neutral tone
[2025-03-02 09:25:22] Scraped Forgotten Realms data from https://forgottenrealms.fandom.com/wiki/Alignment - neutral tone
[2025-03-02 09:25:22] Scraped Forgotten Realms data from https://forgottenrealms.fandom.com/wiki/Category:Organizations - neutral tone
[2025-03-02 09:25:22] Scraped Forgotten Realms data from https://forgottenrealms.fandom.com/wiki/Category:Climate_and_weather_events - neutral tone
[2025-03-02 09:25:23] Scraped Forgotten Realms data from https://forgottenrealms.fandom.com/wiki/Category:Creatures - neutral tone
[2025-03-02 09:25:23] Stored scraped data in database - neutral tone
[2025-03-02 09:25:23] Initialized multi-agent reinforcement learning - neutral tone
[2025-03-02 09:25:23] Agents collaborated on tasks - neutral tone
[2025-03-02 09:26:25] Task completed: Selûne created /mnt/home2/mud/modules/help.py - neutral tone
[2025-03-02 09:37:46] Agents collaborated on tasks - neutral tone
[2025-03-02 09:39:19] Agents collaborated on tasks - neutral tone
[2025-03-02 09:42:08] Agents collaborated on tasks - neutral tone
[2025-03-02 09:44:50] Agents collaborated on tasks - neutral tone
[2025-03-02 09:49:43] Agents collaborated on tasks - neutral tone
[2025-03-02 09:52:53] Agents collaborated on tasks - neutral tone
[2025-03-02 09:57:16] Agents collaborated on tasks - neutral tone
[2025-03-02 10:01:33] Agents collaborated on tasks - neutral tone
[2025-03-02 10:05:09] Agents collaborated on tasks - neutral tone
[2025-03-02 10:07:00] Agents collaborated on tasks - neutral tone
[2025-03-02 10:10:07] Agents collaborated on tasks - neutral tone
[2025-03-02 10:14:05] Agents collaborated on tasks - neutral tone
[2025-03-02 10:16:48] Agents collaborated on tasks - neutral tone
[2025-03-02 10:19:44] Agents collaborated on tasks - neutral tone
[2025-03-02 10:20:56] Agents collaborated on tasks - neutral tone
[2025-03-02 10:22:39] Agents collaborated on tasks - neutral tone
[2025-03-02 10:23:28] Agents collaborated on tasks - neutral tone
[2025-03-02 10:24:47] Agents collaborated on tasks - neutral tone
[2025-03-02 10:25:27] Agents collaborated on tasks - neutral tone
[2025-03-02 10:27:03] Agents collaborated on tasks - neutral tone
[2025-03-02 10:28:39] Agents collaborated on tasks - neutral tone
