[2025-03-02 09:40:36] Task Mystra_build_module_syntax.py_in_modules failed (attempt 1/3): Failed: name 'command' is not defined - mysterious tone
[2025-03-02 09:43:41] Task Mystra_build_module_syntax.py_in_modules failed (attempt 1/3): Failed: name 'command' is not defined - mysterious tone
[2025-03-02 09:45:39] Task Mystra_build_module_syntax.py_in_modules failed (attempt 2/3): Failed: name 'command' is not defined - mysterious tone
[2025-03-02 09:48:11] Task Mystra_build_module_colours.py_in_modules failed (attempt 1/3): Failed: name 'ANSI_COLOURS' is not defined - mysterious tone
[2025-03-02 09:50:21] Task Mystra_build_module_syntax.py_in_modules failed (attempt 3/3): Failed: name 'command' is not defined - mysterious tone
[2025-03-02 09:51:01] Task Mystra_build_module_colours.py_in_modules failed (attempt 2/3): Failed: name 'ANSI_COLOURS' is not defined - mysterious tone
[2025-03-02 09:52:22] Task Mystra_build_module_network.py_in_modules failed (attempt 1/3): Failed: name 'option' is not defined - mysterious tone
[2025-03-02 09:53:24] Max retries reached for Mystra_build_module_syntax.py_in_modules, skipping - mysterious tone
[2025-03-02 09:54:27] Task Mystra_build_module_colours.py_in_modules failed (attempt 1/3): Failed: name 'ANSI_COLOURS' is not defined - mysterious tone
[2025-03-02 09:56:12] Task Mystra_build_module_network.py_in_modules failed (attempt 2/3): Failed: name 'option' is not defined - mysterious tone
[2025-03-02 09:58:20] Task Mystra_build_module_colours.py_in_modules failed (attempt 2/3): Failed: name 'ANSI_COLOURS' is not defined - mysterious tone
[2025-03-02 09:58:52] Task Mystra_build_module_network.py_in_modules failed (attempt 3/3): Failed: name 'option' is not defined - mysterious tone
[2025-03-02 10:02:36] Task Mystra_build_module_colours.py_in_modules failed (attempt 3/3): Failed: name 'ANSI_COLOURS' is not defined - mysterious tone
[2025-03-02 10:02:36] Max retries reached for Mystra_build_module_network.py_in_modules, skipping - mysterious tone
[2025-03-02 10:05:20] Max retries reached for Mystra_build_module_colours.py_in_modules, skipping - mysterious tone
[2025-03-02 10:10:07] Task Mystra_build_module_network.py_in_modules failed (attempt 1/3): Failed: name 'option' is not defined - mysterious tone
[2025-03-02 10:12:22] Task Mystra_build_module_network.py_in_modules failed (attempt 2/3): Failed: name 'option' is not defined - mysterious tone
[2025-03-02 10:15:07] Task Mystra_build_module_network.py_in_modules failed (attempt 3/3): Failed: name 'option' is not defined - mysterious tone
[2025-03-02 10:17:20] Max retries reached for Mystra_build_module_network.py_in_modules, skipping - mysterious tone
[2025-03-02 10:28:39] Task Mystra_build_module_term.py_in_modules failed (attempt 1/3): Failed: name 'term_type' is not defined - mysterious tone
