[2025-03-02 09:25:54] Failed to build module syntax.py: name 'command' is not defined - wise tone
[2025-03-02 09:32:35] Failed to build module term.py: name 'term_type' is not defined - wise tone
[2025-03-02 09:37:15] Failed to generate MUD: name 'ANSI_COLOURS' is not defined - wise tone
[2025-03-02 09:38:16] Failed to build module syntax.py: name 'command' is not defined - wise tone
[2025-03-02 09:38:47] Failed to generate MUD: name 'ANSI_COLOURS' is not defined - wise tone
[2025-03-02 09:39:47] Failed to build module syntax.py: name 'command' is not defined - wise tone
[2025-03-02 09:40:01] Failed to generate MUD: name 'ANSI_COLOURS' is not defined - wise tone
[2025-03-02 09:42:39] Failed to generate MUD: name 'ANSI_COLOURS' is not defined - wise tone
[2025-03-02 09:45:08] Failed to generate MUD: name 'ANSI_COLOURS' is not defined - wise tone
[2025-03-02 09:47:41] Failed to build module colours.py: name 'ANSI_COLOURS' is not defined - wise tone
[2025-03-02 09:50:05] Failed to generate MUD: name 'ANSI_COLOURS' is not defined - wise tone
[2025-03-02 09:50:30] Failed to build module colours.py: name 'ANSI_COLOURS' is not defined - wise tone
[2025-03-02 09:53:24] Failed to generate MUD: name 'ANSI_COLOURS' is not defined - wise tone
[2025-03-02 09:53:55] Failed to build module colours.py: name 'ANSI_COLOURS' is not defined - wise tone
[2025-03-02 09:57:48] Failed to generate MUD: name 'ANSI_COLOURS' is not defined - wise tone
[2025-03-02 10:00:28] Failed to build module term.py: name 'term_type' is not defined - wise tone
[2025-03-02 10:02:05] Failed to generate MUD: name 'ANSI_COLOURS' is not defined - wise tone
[2025-03-02 10:03:37] Failed to build module term.py: name 'term_type' is not defined - wise tone
[2025-03-02 10:05:09] Failed to build module colours.py: name 'ANSI_COLOURS' is not defined - wise tone
[2025-03-02 10:05:20] Failed to generate MUD: name 'ANSI_COLOURS' is not defined - wise tone
[2025-03-02 10:05:26] Failed to build module term.py: name 'term_type' is not defined - wise tone
[2025-03-02 10:06:58] Failed to build module colours.py: name 'ANSI_COLOURS' is not defined - wise tone
[2025-03-02 10:07:31] Failed to generate MUD: name 'ANSI_COLOURS' is not defined - wise tone
[2025-03-02 10:08:32] Failed to build module colours.py: name 'ANSI_COLOURS' is not defined - wise tone
[2025-03-02 10:09:35] Failed to build module network.py: name 'option' is not defined - wise tone
[2025-03-02 10:10:33] Failed to generate MUD: name 'ANSI_COLOURS' is not defined - wise tone
[2025-03-02 10:11:50] Failed to build module network.py: name 'option' is not defined - wise tone
[2025-03-02 10:12:53] Failed to build module term.py: name 'term_type' is not defined - wise tone
[2025-03-02 10:14:13] Failed to generate MUD: name 'ANSI_COLOURS' is not defined - wise tone
[2025-03-02 10:14:46] Failed to build module network.py: name 'option' is not defined - wise tone
[2025-03-02 10:15:21] Failed to build module term.py: name 'term_type' is not defined - wise tone
[2025-03-02 10:17:20] Failed to generate MUD: name 'ANSI_COLOURS' is not defined - wise tone
[2025-03-02 10:17:52] Failed to build module term.py: name 'term_type' is not defined - wise tone
[2025-03-02 10:20:16] Failed to generate MUD: name 'ANSI_COLOURS' is not defined - wise tone
[2025-03-02 10:20:56] Failed to build module network.py: name 'option' is not defined - wise tone
[2025-03-02 10:21:27] Failed to generate MUD: name 'ANSI_COLOURS' is not defined - wise tone
[2025-03-02 10:22:31] Failed to build module network.py: name 'option' is not defined - wise tone
[2025-03-02 10:22:44] Failed to generate MUD: name 'ANSI_COLOURS' is not defined - wise tone
[2025-03-02 10:22:56] Failed to build module network.py: name 'option' is not defined - wise tone
[2025-03-02 10:23:59] Failed to generate MUD: name 'ANSI_COLOURS' is not defined - wise tone
[2025-03-02 10:25:19] Failed to generate MUD: name 'ANSI_COLOURS' is not defined - wise tone
[2025-03-02 10:25:59] Failed to generate MUD: name 'ANSI_COLOURS' is not defined - wise tone
[2025-03-02 10:27:35] Failed to generate MUD: name 'ANSI_COLOURS' is not defined - wise tone
[2025-03-02 10:29:07] Failed to generate MUD: name 'ANSI_COLOURS' is not defined - wise tone
