2025-03-03 13:08:29 | INFO | Initializing Master AI
2025-03-03 13:08:29 | INFO | Loaded ao (Rank 10)
2025-03-03 13:08:29 | INFO | Loaded mystra (Rank 9)
2025-03-03 13:08:29 | INFO | Loaded tyr (Rank 9)
2025-03-03 13:08:29 | INFO | Loaded lolth (Rank 9)
2025-03-03 13:08:29 | INFO | Loaded oghma (Rank 8)
2025-03-03 13:08:29 | INFO | Loaded deneir (Rank 8)
2025-03-03 13:08:29 | INFO | Loaded selune (Rank 7)
2025-03-03 13:08:29 | INFO | Loaded torm (Rank 7)
2025-03-03 13:08:29 | INFO | Loaded vhaeraun (Rank 7)
2025-03-03 13:08:29 | INFO | Loaded azuth (Rank 7)
2025-03-03 13:08:29 | INFO | Started aiohttp session
2025-03-03 13:08:29 | INFO | Master AI started
2025-03-03 13:08:29 | INFO | Bootstrapped AI
2025-03-03 13:08:29 | INFO | Agent Status - Tasks Completed: 0, Rooms: 0
2025-03-03 13:08:29 | INFO | ao: Planned world with 1000 rooms across agents
2025-03-03 13:08:29 | INFO | ao: Learned from plan_world - Expertise now 1.10
2025-03-03 13:08:29 | INFO | ao: Executed plan_world
2025-03-03 13:08:29 | INFO | Saved ao knowledge
2025-03-03 13:08:29 | INFO | ao: Planned world with 1000 rooms across agents
2025-03-03 13:08:29 | INFO | ao: Learned from plan_world - Expertise now 1.20
2025-03-03 13:08:29 | INFO | ao: Executed plan_world
2025-03-03 13:08:29 | INFO | Saved mystra knowledge
2025-03-03 13:08:29 | INFO | Saved tyr knowledge
2025-03-03 13:08:29 | INFO | Saved lolth knowledge
2025-03-03 13:08:29 | INFO | oghma: Received collaboration from mystra
2025-03-03 13:08:29 | INFO | mystra: Learned from create_spell - Expertise now 1.10
2025-03-03 13:08:29 | INFO | mystra: Executed create_spell
2025-03-03 13:08:29 | INFO | Saved oghma knowledge
2025-03-03 13:08:29 | INFO | tyr: Learned from build_system - Expertise now 1.10
2025-03-03 13:08:29 | INFO | tyr: Executed build_system
2025-03-03 13:08:29 | INFO | Saved deneir knowledge
2025-03-03 13:08:29 | INFO | Saved selune knowledge
2025-03-03 13:08:29 | INFO | mystra: Learned from build_rooms - Expertise now 1.20
2025-03-03 13:08:29 | INFO | mystra: Executed build_rooms
2025-03-03 13:08:29 | INFO | Saved torm knowledge
2025-03-03 13:08:29 | INFO | tyr: Learned from build_rooms - Expertise now 1.20
2025-03-03 13:08:29 | INFO | tyr: Executed build_rooms
2025-03-03 13:08:29 | INFO | Saved vhaeraun knowledge
2025-03-03 13:08:29 | INFO | lolth: Learned from build_rooms - Expertise now 1.10
2025-03-03 13:08:29 | INFO | lolth: Executed build_rooms
2025-03-03 13:08:29 | INFO | Saved azuth knowledge
2025-03-03 13:08:29 | INFO | Performed knowledge backup
2025-03-03 13:08:29 | INFO | mystra: Learned from build_rooms - Expertise now 1.30
2025-03-03 13:08:29 | INFO | mystra: Executed build_rooms
2025-03-03 13:08:29 | INFO | tyr: Learned from build_rooms - Expertise now 1.30
2025-03-03 13:08:29 | INFO | tyr: Executed build_rooms
2025-03-03 13:08:29 | INFO | lolth: Learned from build_rooms - Expertise now 1.20
2025-03-03 13:08:29 | INFO | lolth: Executed build_rooms
2025-03-03 13:08:29 | INFO | oghma: Learned from build_rooms - Expertise now 1.10
2025-03-03 13:08:29 | INFO | oghma: Executed build_rooms
2025-03-03 13:08:29 | INFO | deneir: Learned from build_rooms - Expertise now 1.10
2025-03-03 13:08:29 | INFO | deneir: Executed build_rooms
2025-03-03 13:08:29 | INFO | oghma: Learned from organize_code - Expertise now 1.20
2025-03-03 13:08:29 | INFO | oghma: Executed organize_code
2025-03-03 13:08:29 | INFO | oghma: Learned from build_rooms - Expertise now 1.30
2025-03-03 13:08:29 | INFO | oghma: Executed build_rooms
2025-03-03 13:08:29 | INFO | deneir: Learned from build_rooms - Expertise now 1.20
2025-03-03 13:08:29 | INFO | deneir: Executed build_rooms
2025-03-03 13:08:29 | INFO | selune: Learned from build_rooms - Expertise now 1.10
2025-03-03 13:08:29 | INFO | selune: Executed build_rooms
2025-03-03 13:08:29 | INFO | torm: Learned from build_rooms - Expertise now 1.10
2025-03-03 13:08:29 | INFO | torm: Executed build_rooms
2025-03-03 13:08:29 | INFO | vhaeraun: Learned from build_rooms - Expertise now 1.10
2025-03-03 13:08:29 | INFO | vhaeraun: Executed build_rooms
2025-03-03 13:08:29 | INFO | azuth: Learned from build_rooms - Expertise now 1.10
2025-03-03 13:08:29 | INFO | azuth: Executed build_rooms
2025-03-03 13:08:29 | INFO | selune: Learned from build_rooms - Expertise now 1.20
2025-03-03 13:08:29 | INFO | selune: Executed build_rooms
2025-03-03 13:08:29 | INFO | torm: Learned from build_rooms - Expertise now 1.20
2025-03-03 13:08:29 | INFO | torm: Executed build_rooms
2025-03-03 13:08:29 | INFO | vhaeraun: Learned from build_rooms - Expertise now 1.20
2025-03-03 13:08:29 | INFO | vhaeraun: Executed build_rooms
2025-03-03 13:08:29 | INFO | azuth: Learned from build_rooms - Expertise now 1.20
2025-03-03 13:08:29 | INFO | azuth: Executed build_rooms
2025-03-03 13:08:31 | INFO | oghma: Analyzed lore from forgotten_realms (34681 chars) (took 0.01s)
2025-03-03 13:08:31 | INFO | oghma: Learned from analyze_lore - Expertise now 1.40
2025-03-03 13:08:31 | INFO | oghma: Executed analyze_lore
2025-03-03 13:08:31 | INFO | oghma: Learned from analyze_lore - Expertise now 1.50
2025-03-03 13:08:31 | INFO | oghma: Executed analyze_lore
2025-03-03 13:08:34 | INFO | oghma: Analyzed lore from forgotten_realms (7973 chars) (took 0.01s)
2025-03-03 13:08:34 | INFO | oghma: Learned from analyze_lore - Expertise now 1.60
2025-03-03 13:08:34 | INFO | oghma: Executed analyze_lore
2025-03-03 13:08:34 | INFO | oghma: Learned from analyze_lore - Expertise now 1.70
2025-03-03 13:08:34 | INFO | oghma: Executed analyze_lore
2025-03-03 13:08:37 | INFO | oghma: Analyzed lore from forgotten_realms (9420 chars) (took 0.01s)
2025-03-03 13:08:37 | INFO | oghma: Learned from analyze_lore - Expertise now 1.80
2025-03-03 13:08:37 | INFO | oghma: Executed analyze_lore
2025-03-03 13:08:37 | INFO | oghma: Learned from analyze_lore - Expertise now 1.90
2025-03-03 13:08:37 | INFO | oghma: Executed analyze_lore
2025-03-03 13:08:39 | INFO | lolth: Learned from weave_traps - Expertise now 1.30
2025-03-03 13:08:39 | INFO | lolth: Executed weave_traps
2025-03-03 13:08:40 | INFO | oghma: Analyzed lore from forgotten_realms (8433 chars) (took 0.01s)
2025-03-03 13:08:40 | INFO | oghma: Learned from analyze_lore - Expertise now 2.00
2025-03-03 13:08:40 | INFO | oghma: Executed analyze_lore
2025-03-03 13:08:40 | INFO | oghma: Learned from analyze_lore - Expertise now 2.10
2025-03-03 13:08:40 | INFO | oghma: Executed analyze_lore
2025-03-03 13:08:43 | INFO | oghma: Analyzed lore from forgotten_realms (8286 chars) (took 0.01s)
2025-03-03 13:08:43 | INFO | oghma: Learned from analyze_lore - Expertise now 2.20
2025-03-03 13:08:43 | INFO | oghma: Executed analyze_lore
2025-03-03 13:08:43 | INFO | oghma: Learned from analyze_lore - Expertise now 2.30
2025-03-03 13:08:43 | INFO | oghma: Executed analyze_lore
2025-03-03 13:08:46 | INFO | oghma: Analyzed lore from forgotten_realms (7035 chars) (took 0.01s)
2025-03-03 13:08:46 | INFO | oghma: Learned from analyze_lore - Expertise now 2.40
2025-03-03 13:08:46 | INFO | oghma: Executed analyze_lore
2025-03-03 13:08:46 | INFO | oghma: Learned from analyze_lore - Expertise now 2.50
2025-03-03 13:08:46 | INFO | oghma: Executed analyze_lore
2025-03-03 13:08:49 | INFO | torm: Learned from guard_zone - Expertise now 1.30
2025-03-03 13:08:49 | INFO | torm: Executed guard_zone
2025-03-03 13:08:49 | INFO | oghma: Analyzed lore from forgotten_realms (6491 chars) (took 0.01s)
2025-03-03 13:08:49 | INFO | oghma: Learned from analyze_lore - Expertise now 2.60
2025-03-03 13:08:49 | INFO | oghma: Executed analyze_lore
2025-03-03 13:08:49 | INFO | oghma: Learned from analyze_lore - Expertise now 2.70
2025-03-03 13:08:49 | INFO | oghma: Executed analyze_lore
2025-03-03 13:08:52 | INFO | oghma: Analyzed lore from forgotten_realms (7424 chars) (took 0.01s)
2025-03-03 13:08:52 | INFO | oghma: Learned from analyze_lore - Expertise now 2.80
2025-03-03 13:08:52 | INFO | oghma: Executed analyze_lore
2025-03-03 13:08:52 | INFO | oghma: Learned from analyze_lore - Expertise now 2.90
2025-03-03 13:08:52 | INFO | oghma: Executed analyze_lore
2025-03-03 13:08:55 | INFO | oghma: Analyzed lore from forgotten_realms (9048 chars) (took 0.01s)
2025-03-03 13:08:55 | INFO | oghma: Learned from analyze_lore - Expertise now 3.00
2025-03-03 13:08:55 | INFO | oghma: Executed analyze_lore
2025-03-03 13:08:55 | INFO | oghma: Learned from analyze_lore - Expertise now 3.10
2025-03-03 13:08:55 | INFO | oghma: Executed analyze_lore
2025-03-03 13:08:58 | INFO | oghma: Analyzed lore from forgotten_realms (7427 chars) (took 0.01s)
2025-03-03 13:08:58 | INFO | oghma: Learned from analyze_lore - Expertise now 3.20
2025-03-03 13:08:58 | INFO | oghma: Executed analyze_lore
2025-03-03 13:08:58 | INFO | oghma: Learned from analyze_lore - Expertise now 3.30
2025-03-03 13:08:58 | INFO | oghma: Executed analyze_lore
2025-03-03 13:08:59 | INFO | Agent Status - Tasks Completed: 45, Rooms: 1800
2025-03-03 13:08:59 | INFO | vhaeraun: Stole knowledge from mystra (value: 380) (took 0.00s)
2025-03-03 13:08:59 | INFO | oghma: Received collaboration from vhaeraun
2025-03-03 13:08:59 | INFO | vhaeraun: Learned from steal_knowledge - Expertise now 1.30
2025-03-03 13:08:59 | INFO | vhaeraun: Executed steal_knowledge
2025-03-03 13:09:01 | INFO | oghma: Analyzed lore from forgotten_realms (8676 chars) (took 0.01s)
2025-03-03 13:09:01 | INFO | oghma: Learned from analyze_lore - Expertise now 3.40
2025-03-03 13:09:01 | INFO | oghma: Executed analyze_lore
2025-03-03 13:09:01 | INFO | oghma: Learned from analyze_lore - Expertise now 3.50
2025-03-03 13:09:01 | INFO | oghma: Executed analyze_lore
2025-03-03 13:09:04 | INFO | oghma: Analyzed lore from forgotten_realms (34681 chars) (took 0.01s)
2025-03-03 13:09:04 | INFO | oghma: Learned from analyze_lore - Expertise now 3.60
2025-03-03 13:09:04 | INFO | oghma: Executed analyze_lore
2025-03-03 13:09:04 | INFO | oghma: Learned from analyze_lore - Expertise now 3.70
2025-03-03 13:09:04 | INFO | oghma: Executed analyze_lore
2025-03-03 13:09:07 | INFO | oghma: Analyzed lore from forgotten_realms (6101 chars) (took 0.01s)
2025-03-03 13:09:07 | INFO | oghma: Learned from analyze_lore - Expertise now 3.80
2025-03-03 13:09:07 | INFO | oghma: Executed analyze_lore
2025-03-03 13:09:07 | INFO | oghma: Learned from analyze_lore - Expertise now 3.90
2025-03-03 13:09:07 | INFO | oghma: Executed analyze_lore
2025-03-03 13:09:09 | INFO | ao: Planned world with 1000 rooms across agents
2025-03-03 13:09:09 | INFO | ao: Learned from plan_world - Expertise now 1.30
2025-03-03 13:09:09 | INFO | ao: Executed plan_world
2025-03-03 13:09:09 | INFO | mystra: Learned from build_rooms - Expertise now 1.40
2025-03-03 13:09:09 | INFO | mystra: Executed build_rooms
2025-03-03 13:09:09 | INFO | tyr: Learned from build_rooms - Expertise now 1.40
2025-03-03 13:09:09 | INFO | tyr: Executed build_rooms
2025-03-03 13:09:09 | INFO | lolth: Learned from build_rooms - Expertise now 1.40
2025-03-03 13:09:09 | INFO | lolth: Executed build_rooms
2025-03-03 13:09:09 | INFO | oghma: Learned from build_rooms - Expertise now 4.00
2025-03-03 13:09:09 | INFO | oghma: Executed build_rooms
2025-03-03 13:09:09 | INFO | deneir: Learned from build_rooms - Expertise now 1.30
2025-03-03 13:09:09 | INFO | deneir: Executed build_rooms
2025-03-03 13:09:09 | INFO | selune: Learned from build_rooms - Expertise now 1.30
2025-03-03 13:09:09 | INFO | selune: Executed build_rooms
2025-03-03 13:09:09 | INFO | torm: Learned from build_rooms - Expertise now 1.40
2025-03-03 13:09:09 | INFO | torm: Executed build_rooms
2025-03-03 13:09:09 | INFO | vhaeraun: Learned from build_rooms - Expertise now 1.40
2025-03-03 13:09:09 | INFO | vhaeraun: Executed build_rooms
2025-03-03 13:09:09 | INFO | azuth: Learned from build_rooms - Expertise now 1.30
2025-03-03 13:09:09 | INFO | azuth: Executed build_rooms
2025-03-03 13:09:10 | INFO | oghma: Analyzed lore from forgotten_realms (6424 chars) (took 0.01s)
2025-03-03 13:09:10 | INFO | oghma: Learned from analyze_lore - Expertise now 4.10
2025-03-03 13:09:10 | INFO | oghma: Executed analyze_lore
2025-03-03 13:09:10 | INFO | oghma: Learned from analyze_lore - Expertise now 4.20
2025-03-03 13:09:10 | INFO | oghma: Executed analyze_lore
2025-03-03 13:09:13 | INFO | oghma: Analyzed lore from forgotten_realms (8398 chars) (took 0.01s)
2025-03-03 13:09:13 | INFO | oghma: Learned from analyze_lore - Expertise now 4.30
2025-03-03 13:09:13 | INFO | oghma: Executed analyze_lore
2025-03-03 13:09:13 | INFO | oghma: Learned from analyze_lore - Expertise now 4.40
2025-03-03 13:09:13 | INFO | oghma: Executed analyze_lore
2025-03-03 13:09:16 | INFO | oghma: Analyzed lore from forgotten_realms (9156 chars) (took 0.01s)
2025-03-03 13:09:16 | INFO | oghma: Learned from analyze_lore - Expertise now 4.50
2025-03-03 13:09:16 | INFO | oghma: Executed analyze_lore
2025-03-03 13:09:16 | INFO | oghma: Learned from analyze_lore - Expertise now 4.60
2025-03-03 13:09:16 | INFO | oghma: Executed analyze_lore
2025-03-03 13:09:19 | INFO | oghma: Learned from organize_code - Expertise now 4.70
2025-03-03 13:09:19 | INFO | oghma: Executed organize_code
2025-03-03 13:09:19 | INFO | oghma: Analyzed lore from forgotten_realms (8516 chars) (took 0.01s)
2025-03-03 13:09:19 | INFO | oghma: Learned from analyze_lore - Expertise now 4.80
2025-03-03 13:09:19 | INFO | oghma: Executed analyze_lore
2025-03-03 13:09:19 | INFO | oghma: Learned from analyze_lore - Expertise now 4.90
2025-03-03 13:09:19 | INFO | oghma: Executed analyze_lore
2025-03-03 13:09:22 | INFO | oghma: Analyzed lore from forgotten_realms (5435 chars) (took 0.01s)
2025-03-03 13:09:22 | INFO | oghma: Learned from analyze_lore - Expertise now 5.00
2025-03-03 13:09:22 | INFO | oghma: Executed analyze_lore
2025-03-03 13:09:22 | INFO | oghma: Learned from analyze_lore - Expertise now 5.00
2025-03-03 13:09:22 | INFO | oghma: Executed analyze_lore
2025-03-03 13:09:25 | INFO | oghma: Analyzed lore from forgotten_realms (4944 chars) (took 0.01s)
2025-03-03 13:09:25 | INFO | oghma: Learned from analyze_lore - Expertise now 5.00
2025-03-03 13:09:25 | INFO | oghma: Executed analyze_lore
2025-03-03 13:09:28 | INFO | oghma: Analyzed lore from forgotten_realms (8531 chars) (took 0.01s)
2025-03-03 13:09:28 | INFO | oghma: Learned from analyze_lore - Expertise now 5.00
2025-03-03 13:09:28 | INFO | oghma: Executed analyze_lore
2025-03-03 13:09:28 | INFO | oghma: Learned from analyze_lore - Expertise now 5.00
2025-03-03 13:09:28 | INFO | oghma: Executed analyze_lore
2025-03-03 13:09:29 | INFO | mystra: Learned from build_rooms - Expertise now 1.50
2025-03-03 13:09:29 | INFO | mystra: Executed build_rooms
2025-03-03 13:09:29 | INFO | ao: Planned world with 1000 rooms across agents
2025-03-03 13:09:29 | INFO | ao: Learned from plan_world - Expertise now 1.40
2025-03-03 13:09:29 | INFO | ao: Executed plan_world
2025-03-03 13:09:29 | INFO | mystra: Learned from build_rooms - Expertise now 1.60
2025-03-03 13:09:29 | INFO | mystra: Executed build_rooms
2025-03-03 13:09:29 | INFO | tyr: Learned from build_rooms - Expertise now 1.50
2025-03-03 13:09:29 | INFO | tyr: Executed build_rooms
2025-03-03 13:09:29 | INFO | lolth: Learned from build_rooms - Expertise now 1.50
2025-03-03 13:09:29 | INFO | lolth: Executed build_rooms
2025-03-03 13:09:29 | INFO | oghma: Learned from build_rooms - Expertise now 5.00
2025-03-03 13:09:29 | INFO | oghma: Executed build_rooms
2025-03-03 13:09:29 | INFO | deneir: Learned from build_rooms - Expertise now 1.40
2025-03-03 13:09:29 | INFO | deneir: Executed build_rooms
2025-03-03 13:09:29 | INFO | selune: Learned from build_rooms - Expertise now 1.40
2025-03-03 13:09:29 | INFO | selune: Executed build_rooms
2025-03-03 13:09:29 | INFO | torm: Learned from build_rooms - Expertise now 1.50
2025-03-03 13:09:29 | INFO | torm: Executed build_rooms
2025-03-03 13:09:29 | INFO | vhaeraun: Learned from build_rooms - Expertise now 1.50
2025-03-03 13:09:29 | INFO | vhaeraun: Executed build_rooms
2025-03-03 13:09:29 | INFO | azuth: Learned from build_rooms - Expertise now 1.40
2025-03-03 13:09:29 | INFO | azuth: Executed build_rooms
2025-03-03 13:09:29 | INFO | vhaeraun: Stole knowledge from mystra (value: 135) (took 0.00s)
2025-03-03 13:09:29 | INFO | oghma: Received collaboration from vhaeraun
2025-03-03 13:09:29 | INFO | vhaeraun: Learned from steal_knowledge - Expertise now 1.60
2025-03-03 13:09:29 | INFO | vhaeraun: Executed steal_knowledge
2025-03-03 13:09:31 | INFO | oghma: Analyzed lore from forgotten_realms (5356 chars) (took 0.00s)
2025-03-03 13:09:31 | INFO | oghma: Learned from analyze_lore - Expertise now 5.00
2025-03-03 13:09:31 | INFO | oghma: Executed analyze_lore
2025-03-03 13:09:31 | INFO | oghma: Learned from analyze_lore - Expertise now 5.00
2025-03-03 13:09:31 | INFO | oghma: Executed analyze_lore
2025-03-03 13:09:34 | INFO | oghma: Analyzed lore from forgotten_realms (4949 chars) (took 0.01s)
2025-03-03 13:09:34 | INFO | oghma: Learned from analyze_lore - Expertise now 5.00
2025-03-03 13:09:34 | INFO | oghma: Executed analyze_lore
2025-03-03 13:09:37 | INFO | oghma: Analyzed lore from forgotten_realms (7508 chars) (took 0.01s)
2025-03-03 13:09:37 | INFO | oghma: Learned from analyze_lore - Expertise now 5.00
2025-03-03 13:09:37 | INFO | oghma: Executed analyze_lore
2025-03-03 13:09:37 | INFO | oghma: Learned from analyze_lore - Expertise now 5.00
2025-03-03 13:09:37 | INFO | oghma: Executed analyze_lore
2025-03-03 13:09:39 | INFO | ao: Planned world with 1000 rooms across agents
2025-03-03 13:09:39 | INFO | ao: Learned from plan_world - Expertise now 1.50
2025-03-03 13:09:39 | INFO | ao: Executed plan_world
2025-03-03 13:09:39 | INFO | mystra: Learned from build_rooms - Expertise now 1.70
2025-03-03 13:09:39 | INFO | mystra: Executed build_rooms
2025-03-03 13:09:39 | INFO | tyr: Learned from build_rooms - Expertise now 1.60
2025-03-03 13:09:39 | INFO | tyr: Executed build_rooms
2025-03-03 13:09:39 | INFO | lolth: Learned from build_rooms - Expertise now 1.60
2025-03-03 13:09:39 | INFO | lolth: Executed build_rooms
2025-03-03 13:09:39 | INFO | oghma: Learned from build_rooms - Expertise now 5.00
2025-03-03 13:09:39 | INFO | oghma: Executed build_rooms
2025-03-03 13:09:39 | INFO | deneir: Learned from build_rooms - Expertise now 1.50
2025-03-03 13:09:39 | INFO | deneir: Executed build_rooms
2025-03-03 13:09:39 | INFO | selune: Learned from build_rooms - Expertise now 1.50
2025-03-03 13:09:39 | INFO | selune: Executed build_rooms
2025-03-03 13:09:39 | INFO | torm: Learned from build_rooms - Expertise now 1.60
2025-03-03 13:09:39 | INFO | torm: Executed build_rooms
2025-03-03 13:09:39 | INFO | vhaeraun: Learned from build_rooms - Expertise now 1.70
2025-03-03 13:09:39 | INFO | vhaeraun: Executed build_rooms
2025-03-03 13:09:39 | INFO | azuth: Learned from build_rooms - Expertise now 1.50
2025-03-03 13:09:39 | INFO | azuth: Executed build_rooms
2025-03-03 13:09:40 | INFO | oghma: Analyzed lore from forgotten_realms (6281 chars) (took 0.01s)
2025-03-03 13:09:40 | INFO | oghma: Learned from analyze_lore - Expertise now 5.00
2025-03-03 13:09:40 | INFO | oghma: Executed analyze_lore
2025-03-03 13:09:40 | INFO | oghma: Learned from analyze_lore - Expertise now 5.00
2025-03-03 13:09:40 | INFO | oghma: Executed analyze_lore
2025-03-03 13:09:43 | INFO | oghma: Analyzed lore from forgotten_realms (8535 chars) (took 0.01s)
2025-03-03 13:09:43 | INFO | oghma: Learned from analyze_lore - Expertise now 5.00
2025-03-03 13:09:43 | INFO | oghma: Executed analyze_lore
2025-03-03 13:09:43 | INFO | oghma: Learned from analyze_lore - Expertise now 5.00
2025-03-03 13:09:43 | INFO | oghma: Executed analyze_lore
2025-03-03 13:09:46 | INFO | oghma: Analyzed lore from forgotten_realms (5036 chars) (took 0.01s)
2025-03-03 13:09:46 | INFO | oghma: Learned from analyze_lore - Expertise now 5.00
2025-03-03 13:09:46 | INFO | oghma: Executed analyze_lore
2025-03-03 13:09:46 | INFO | oghma: Learned from analyze_lore - Expertise now 5.00
2025-03-03 13:09:46 | INFO | oghma: Executed analyze_lore
2025-03-03 13:09:49 | INFO | vhaeraun: Stole knowledge from mystra (value: 77) (took 0.00s)
2025-03-03 13:09:49 | INFO | oghma: Received collaboration from vhaeraun
2025-03-03 13:09:49 | INFO | vhaeraun: Learned from steal_knowledge - Expertise now 1.80
2025-03-03 13:09:49 | INFO | vhaeraun: Executed steal_knowledge
2025-03-03 13:09:49 | INFO | oghma: Analyzed lore from forgotten_realms (6017 chars) (took 0.01s)
2025-03-03 13:09:49 | INFO | oghma: Learned from analyze_lore - Expertise now 5.00
2025-03-03 13:09:49 | INFO | oghma: Executed analyze_lore
2025-03-03 13:09:49 | INFO | oghma: Learned from analyze_lore - Expertise now 5.00
2025-03-03 13:09:49 | INFO | oghma: Executed analyze_lore
2025-03-03 13:09:52 | INFO | oghma: Analyzed lore from forgotten_realms (6989 chars) (took 0.01s)
2025-03-03 13:09:52 | INFO | oghma: Learned from analyze_lore - Expertise now 5.00
2025-03-03 13:09:52 | INFO | oghma: Executed analyze_lore
2025-03-03 13:09:52 | INFO | oghma: Learned from analyze_lore - Expertise now 5.00
2025-03-03 13:09:52 | INFO | oghma: Executed analyze_lore
2025-03-03 13:09:55 | INFO | oghma: Analyzed lore from forgotten_realms (7603 chars) (took 0.01s)
2025-03-03 13:09:55 | INFO | oghma: Learned from analyze_lore - Expertise now 5.00
2025-03-03 13:09:55 | INFO | oghma: Executed analyze_lore
2025-03-03 13:09:55 | INFO | oghma: Learned from analyze_lore - Expertise now 5.00
2025-03-03 13:09:55 | INFO | oghma: Executed analyze_lore
2025-03-03 13:09:58 | INFO | oghma: Analyzed lore from forgotten_realms (4932 chars) (took 0.00s)
2025-03-03 13:09:58 | INFO | oghma: Learned from analyze_lore - Expertise now 5.00
2025-03-03 13:09:58 | INFO | oghma: Executed analyze_lore
2025-03-03 13:09:59 | INFO | torm: Learned from guard_zone - Expertise now 1.70
2025-03-03 13:09:59 | INFO | torm: Executed guard_zone
2025-03-03 13:10:01 | INFO | oghma: Analyzed lore from forgotten_realms (5068 chars) (took 0.00s)
2025-03-03 13:10:01 | INFO | oghma: Learned from analyze_lore - Expertise now 5.00
2025-03-03 13:10:01 | INFO | oghma: Executed analyze_lore
2025-03-03 13:10:01 | INFO | oghma: Learned from analyze_lore - Expertise now 5.00
2025-03-03 13:10:01 | INFO | oghma: Executed analyze_lore
2025-03-03 13:10:04 | INFO | oghma: Analyzed lore from forgotten_realms (6087 chars) (took 0.01s)
2025-03-03 13:10:04 | INFO | oghma: Learned from analyze_lore - Expertise now 5.00
2025-03-03 13:10:04 | INFO | oghma: Executed analyze_lore
2025-03-03 13:10:04 | INFO | oghma: Learned from analyze_lore - Expertise now 5.00
2025-03-03 13:10:04 | INFO | oghma: Executed analyze_lore
2025-03-03 13:10:07 | INFO | oghma: Analyzed lore from forgotten_realms (5686 chars) (took 0.00s)
2025-03-03 13:10:07 | INFO | oghma: Learned from analyze_lore - Expertise now 5.00
2025-03-03 13:10:07 | INFO | oghma: Executed analyze_lore
2025-03-03 13:10:07 | INFO | oghma: Learned from analyze_lore - Expertise now 5.00
2025-03-03 13:10:07 | INFO | oghma: Executed analyze_lore
2025-03-03 13:10:09 | INFO | ao: Planned world with 1000 rooms across agents
2025-03-03 13:10:09 | INFO | ao: Learned from plan_world - Expertise now 1.60
2025-03-03 13:10:09 | INFO | ao: Executed plan_world
2025-03-03 13:10:09 | INFO | mystra: Learned from build_rooms - Expertise now 1.80
2025-03-03 13:10:09 | INFO | mystra: Executed build_rooms
2025-03-03 13:10:09 | INFO | tyr: Learned from build_rooms - Expertise now 1.70
2025-03-03 13:10:09 | INFO | tyr: Executed build_rooms
2025-03-03 13:10:09 | INFO | lolth: Learned from build_rooms - Expertise now 1.70
2025-03-03 13:10:09 | INFO | lolth: Executed build_rooms
2025-03-03 13:10:09 | INFO | oghma: Learned from build_rooms - Expertise now 5.00
2025-03-03 13:10:09 | INFO | oghma: Executed build_rooms
2025-03-03 13:10:09 | INFO | deneir: Learned from build_rooms - Expertise now 1.60
2025-03-03 13:10:09 | INFO | deneir: Executed build_rooms
2025-03-03 13:10:09 | INFO | selune: Learned from build_rooms - Expertise now 1.60
2025-03-03 13:10:09 | INFO | selune: Executed build_rooms
2025-03-03 13:10:09 | INFO | torm: Learned from build_rooms - Expertise now 1.80
2025-03-03 13:10:09 | INFO | torm: Executed build_rooms
2025-03-03 13:10:09 | INFO | vhaeraun: Learned from build_rooms - Expertise now 1.90
2025-03-03 13:10:09 | INFO | vhaeraun: Executed build_rooms
2025-03-03 13:10:09 | INFO | azuth: Learned from build_rooms - Expertise now 1.60
2025-03-03 13:10:09 | INFO | azuth: Executed build_rooms
2025-03-03 13:10:10 | INFO | oghma: Analyzed lore from forgotten_realms (5078 chars) (took 0.01s)
2025-03-03 13:10:10 | INFO | oghma: Learned from analyze_lore - Expertise now 5.00
2025-03-03 13:10:10 | INFO | oghma: Executed analyze_lore
2025-03-03 13:10:10 | INFO | oghma: Learned from analyze_lore - Expertise now 5.00
2025-03-03 13:10:10 | INFO | oghma: Executed analyze_lore
2025-03-03 13:10:13 | INFO | oghma: Analyzed lore from forgotten_realms (5504 chars) (took 0.01s)
2025-03-03 13:10:13 | INFO | oghma: Learned from analyze_lore - Expertise now 5.00
2025-03-03 13:10:13 | INFO | oghma: Executed analyze_lore
2025-03-03 13:10:13 | INFO | oghma: Learned from analyze_lore - Expertise now 5.00
2025-03-03 13:10:13 | INFO | oghma: Executed analyze_lore
2025-03-03 13:10:19 | INFO | lolth: Learned from weave_traps - Expertise now 1.80
2025-03-03 13:10:19 | INFO | lolth: Executed weave_traps
2025-03-03 13:10:29 | INFO | mystra: Learned from build_rooms - Expertise now 1.90
2025-03-03 13:10:29 | INFO | mystra: Executed build_rooms
2025-03-03 13:10:29 | INFO | Agent Status - Tasks Completed: 140, Rooms: 5600
2025-03-03 13:10:29 | INFO | ao: Planned world with 1000 rooms across agents
2025-03-03 13:10:29 | INFO | ao: Learned from plan_world - Expertise now 1.70
2025-03-03 13:10:29 | INFO | ao: Executed plan_world
2025-03-03 13:10:29 | INFO | mystra: Learned from build_rooms - Expertise now 2.00
2025-03-03 13:10:29 | INFO | mystra: Executed build_rooms
2025-03-03 13:10:29 | INFO | tyr: Learned from build_rooms - Expertise now 1.80
2025-03-03 13:10:29 | INFO | tyr: Executed build_rooms
2025-03-03 13:10:29 | INFO | lolth: Learned from build_rooms - Expertise now 1.90
2025-03-03 13:10:29 | INFO | lolth: Executed build_rooms
2025-03-03 13:10:29 | INFO | deneir: Learned from build_rooms - Expertise now 1.70
2025-03-03 13:10:29 | INFO | deneir: Executed build_rooms
2025-03-03 13:10:29 | INFO | selune: Learned from build_rooms - Expertise now 1.70
2025-03-03 13:10:29 | INFO | selune: Executed build_rooms
2025-03-03 13:10:29 | INFO | torm: Learned from build_rooms - Expertise now 1.90
2025-03-03 13:10:29 | INFO | torm: Executed build_rooms
2025-03-03 13:10:29 | INFO | vhaeraun: Learned from build_rooms - Expertise now 2.00
2025-03-03 13:10:29 | INFO | vhaeraun: Executed build_rooms
2025-03-03 13:10:29 | INFO | azuth: Learned from build_rooms - Expertise now 1.70
2025-03-03 13:10:29 | INFO | azuth: Executed build_rooms
2025-03-03 13:10:29 | INFO | vhaeraun: Stole knowledge from mystra (value: 449) (took 0.00s)
2025-03-03 13:10:29 | INFO | vhaeraun: Learned from steal_knowledge - Expertise now 2.10
2025-03-03 13:10:29 | INFO | vhaeraun: Executed steal_knowledge
2025-03-03 13:10:39 | INFO | deneir: Learned from design_website - Expertise now 1.80
2025-03-03 13:10:39 | INFO | deneir: Executed design_website
2025-03-03 13:10:46 | INFO | oghma: Recovered, health at 50
2025-03-03 13:10:49 | INFO | selune: Learned from enhance_spell - Expertise now 1.80
2025-03-03 13:10:49 | INFO | selune: Executed enhance_spell
2025-03-03 13:10:59 | INFO | oghma: Recovered, health at 99
2025-03-03 13:10:59 | INFO | oghma: Received collaboration from mystra
2025-03-03 13:10:59 | INFO | mystra: Learned from create_spell - Expertise now 2.10
2025-03-03 13:10:59 | INFO | mystra: Executed create_spell
2025-03-03 13:11:09 | INFO | torm: Learned from guard_zone - Expertise now 2.00
2025-03-03 13:11:09 | INFO | torm: Executed guard_zone
2025-03-03 13:11:19 | INFO | selune: Learned from enhance_spell - Expertise now 1.90
2025-03-03 13:11:19 | INFO | selune: Executed enhance_spell
2025-03-03 13:11:29 | INFO | ao: Planned world with 1000 rooms across agents
2025-03-03 13:11:29 | INFO | ao: Learned from plan_world - Expertise now 1.80
2025-03-03 13:11:29 | INFO | ao: Executed plan_world
2025-03-03 13:11:29 | INFO | tyr: Learned from build_rooms - Expertise now 1.90
2025-03-03 13:11:29 | INFO | tyr: Executed build_rooms
2025-03-03 13:11:29 | INFO | lolth: Learned from build_rooms - Expertise now 2.00
2025-03-03 13:11:29 | INFO | lolth: Executed build_rooms
2025-03-03 13:11:29 | INFO | oghma: Learned from build_rooms - Expertise now 5.00
2025-03-03 13:11:29 | INFO | oghma: Executed build_rooms
2025-03-03 13:11:29 | INFO | deneir: Learned from build_rooms - Expertise now 1.90
2025-03-03 13:11:29 | INFO | deneir: Executed build_rooms
2025-03-03 13:11:29 | INFO | selune: Learned from build_rooms - Expertise now 2.00
2025-03-03 13:11:29 | INFO | selune: Executed build_rooms
2025-03-03 13:11:29 | INFO | torm: Learned from build_rooms - Expertise now 2.10
2025-03-03 13:11:29 | INFO | torm: Executed build_rooms
2025-03-03 13:11:29 | INFO | vhaeraun: Learned from build_rooms - Expertise now 2.20
2025-03-03 13:11:29 | INFO | vhaeraun: Executed build_rooms
2025-03-03 13:11:29 | INFO | azuth: Learned from build_rooms - Expertise now 1.80
2025-03-03 13:11:29 | INFO | azuth: Executed build_rooms
2025-03-03 13:11:29 | INFO | ao: Planned world with 1000 rooms across agents
2025-03-03 13:11:29 | INFO | ao: Learned from plan_world - Expertise now 1.90
2025-03-03 13:11:29 | INFO | ao: Executed plan_world
2025-03-03 13:11:29 | INFO | tyr: Learned from build_rooms - Expertise now 2.00
2025-03-03 13:11:29 | INFO | tyr: Executed build_rooms
2025-03-03 13:11:29 | INFO | lolth: Learned from build_rooms - Expertise now 2.10
2025-03-03 13:11:29 | INFO | lolth: Executed build_rooms
2025-03-03 13:11:29 | INFO | oghma: Learned from build_rooms - Expertise now 5.00
2025-03-03 13:11:29 | INFO | oghma: Executed build_rooms
2025-03-03 13:11:29 | INFO | deneir: Learned from build_rooms - Expertise now 2.00
2025-03-03 13:11:29 | INFO | deneir: Executed build_rooms
2025-03-03 13:11:29 | INFO | selune: Learned from build_rooms - Expertise now 2.10
2025-03-03 13:11:29 | INFO | selune: Executed build_rooms
2025-03-03 13:11:29 | INFO | torm: Learned from build_rooms - Expertise now 2.20
2025-03-03 13:11:29 | INFO | torm: Executed build_rooms
2025-03-03 13:11:29 | INFO | vhaeraun: Learned from build_rooms - Expertise now 2.30
2025-03-03 13:11:29 | INFO | vhaeraun: Executed build_rooms
2025-03-03 13:11:29 | INFO | azuth: Learned from build_rooms - Expertise now 1.90
2025-03-03 13:11:29 | INFO | azuth: Executed build_rooms
2025-03-03 13:11:49 | INFO | torm: Learned from guard_zone - Expertise now 2.30
2025-03-03 13:11:49 | INFO | torm: Executed guard_zone
2025-03-03 13:11:59 | INFO | Agent Status - Tasks Completed: 175, Rooms: 8000
2025-03-03 13:11:59 | INFO | mystra: Recovered, health at 50
2025-03-03 13:11:59 | INFO | azuth: Learned from optimize_spell - Expertise now 2.00
2025-03-03 13:11:59 | INFO | azuth: Executed optimize_spell
2025-03-03 13:12:09 | INFO | oghma: Received collaboration from mystra
2025-03-03 13:12:09 | INFO | mystra: Learned from create_spell - Expertise now 2.20
2025-03-03 13:12:09 | INFO | mystra: Executed create_spell
2025-03-03 13:12:19 | INFO | tyr: Learned from build_system - Expertise now 2.10
2025-03-03 13:12:19 | INFO | tyr: Executed build_system
2025-03-03 13:12:29 | INFO | ao: Learned from plan_world - Expertise now 2.00
2025-03-03 13:12:29 | INFO | ao: Executed plan_world
2025-03-03 13:12:29 | INFO | mystra: Learned from build_rooms - Expertise now 2.30
2025-03-03 13:12:29 | INFO | mystra: Executed build_rooms
2025-03-03 13:12:29 | INFO | Saved ao knowledge
2025-03-03 13:12:29 | INFO | Saved mystra knowledge
2025-03-03 13:12:29 | INFO | Saved tyr knowledge
2025-03-03 13:12:29 | INFO | Saved lolth knowledge
2025-03-03 13:12:29 | INFO | Saved oghma knowledge
2025-03-03 13:12:29 | INFO | Saved deneir knowledge
2025-03-03 13:12:29 | INFO | Saved selune knowledge
2025-03-03 13:12:29 | INFO | Saved torm knowledge
2025-03-03 13:12:29 | INFO | Saved vhaeraun knowledge
2025-03-03 13:12:29 | INFO | Saved azuth knowledge
2025-03-03 13:12:29 | INFO | Performed knowledge backup
2025-03-03 13:12:29 | INFO | selune: Learned from enhance_spell - Expertise now 2.20
2025-03-03 13:12:29 | INFO | selune: Executed enhance_spell
2025-03-03 13:12:39 | INFO | oghma: Received collaboration from mystra
2025-03-03 13:12:39 | INFO | mystra: Learned from create_spell - Expertise now 2.40
2025-03-03 13:12:39 | INFO | mystra: Executed create_spell
2025-03-03 13:12:59 | INFO | ao: Recovered, health at 50
2025-03-03 13:12:59 | INFO | ao: Recovered, health at 99
2025-03-03 13:12:59 | INFO | ao: Planned world with 1000 rooms across agents
2025-03-03 13:12:59 | INFO | ao: Learned from plan_world - Expertise now 2.10
2025-03-03 13:12:59 | INFO | ao: Executed plan_world
2025-03-03 13:12:59 | INFO | mystra: Learned from build_rooms - Expertise now 2.50
2025-03-03 13:12:59 | INFO | mystra: Executed build_rooms
2025-03-03 13:12:59 | INFO | tyr: Learned from build_rooms - Expertise now 2.20
2025-03-03 13:12:59 | INFO | tyr: Executed build_rooms
2025-03-03 13:12:59 | INFO | lolth: Learned from build_rooms - Expertise now 2.20
2025-03-03 13:12:59 | INFO | lolth: Executed build_rooms
2025-03-03 13:12:59 | INFO | oghma: Learned from build_rooms - Expertise now 5.00
2025-03-03 13:12:59 | INFO | oghma: Executed build_rooms
2025-03-03 13:12:59 | INFO | deneir: Learned from build_rooms - Expertise now 2.10
2025-03-03 13:12:59 | INFO | deneir: Executed build_rooms
2025-03-03 13:12:59 | INFO | selune: Learned from build_rooms - Expertise now 2.30
2025-03-03 13:12:59 | INFO | selune: Executed build_rooms
2025-03-03 13:12:59 | INFO | torm: Learned from build_rooms - Expertise now 2.40
2025-03-03 13:12:59 | INFO | torm: Executed build_rooms
2025-03-03 13:12:59 | INFO | vhaeraun: Learned from build_rooms - Expertise now 2.40
2025-03-03 13:12:59 | INFO | vhaeraun: Executed build_rooms
2025-03-03 13:12:59 | INFO | azuth: Learned from build_rooms - Expertise now 2.10
2025-03-03 13:12:59 | INFO | azuth: Executed build_rooms
2025-03-03 13:13:09 | INFO | vhaeraun: Stole knowledge from mystra (value: 176) (took 0.00s)
2025-03-03 13:13:09 | INFO | oghma: Received collaboration from vhaeraun
2025-03-03 13:13:09 | INFO | vhaeraun: Learned from steal_knowledge - Expertise now 2.50
2025-03-03 13:13:09 | INFO | vhaeraun: Executed steal_knowledge
2025-03-03 13:13:19 | INFO | vhaeraun: Stole knowledge from mystra (value: 285) (took 0.00s)
2025-03-03 13:13:19 | INFO | oghma: Received collaboration from vhaeraun
2025-03-03 13:13:19 | INFO | vhaeraun: Learned from steal_knowledge - Expertise now 2.60
2025-03-03 13:13:19 | INFO | vhaeraun: Executed steal_knowledge
2025-03-03 13:13:29 | INFO | ao: Planned world with 1000 rooms across agents
2025-03-03 13:13:29 | INFO | ao: Learned from plan_world - Expertise now 2.20
2025-03-03 13:13:29 | INFO | ao: Executed plan_world
2025-03-03 13:13:29 | INFO | mystra: Learned from build_rooms - Expertise now 2.60
2025-03-03 13:13:29 | INFO | mystra: Executed build_rooms
2025-03-03 13:13:29 | INFO | mystra: Learned from build_rooms - Expertise now 2.70
2025-03-03 13:13:29 | INFO | mystra: Executed build_rooms
2025-03-03 13:13:29 | INFO | tyr: Learned from build_rooms - Expertise now 2.30
2025-03-03 13:13:29 | INFO | tyr: Executed build_rooms
2025-03-03 13:13:29 | INFO | lolth: Learned from build_rooms - Expertise now 2.30
2025-03-03 13:13:29 | INFO | lolth: Executed build_rooms
2025-03-03 13:13:29 | INFO | oghma: Learned from build_rooms - Expertise now 5.00
2025-03-03 13:13:29 | INFO | oghma: Executed build_rooms
2025-03-03 13:13:29 | INFO | deneir: Learned from build_rooms - Expertise now 2.20
2025-03-03 13:13:29 | INFO | deneir: Executed build_rooms
2025-03-03 13:13:29 | INFO | selune: Learned from build_rooms - Expertise now 2.40
2025-03-03 13:13:29 | INFO | selune: Executed build_rooms
2025-03-03 13:13:29 | INFO | torm: Learned from build_rooms - Expertise now 2.50
2025-03-03 13:13:29 | INFO | torm: Executed build_rooms
2025-03-03 13:13:29 | INFO | vhaeraun: Learned from build_rooms - Expertise now 2.70
2025-03-03 13:13:29 | INFO | vhaeraun: Executed build_rooms
2025-03-03 13:13:29 | INFO | azuth: Learned from build_rooms - Expertise now 2.20
2025-03-03 13:13:29 | INFO | azuth: Executed build_rooms
2025-03-03 13:13:29 | INFO | azuth: Learned from optimize_spell - Expertise now 2.30
2025-03-03 13:13:29 | INFO | azuth: Executed optimize_spell
2025-03-03 13:13:39 | INFO | oghma: Received collaboration from mystra
2025-03-03 13:13:39 | INFO | mystra: Learned from create_spell - Expertise now 2.80
2025-03-03 13:13:39 | INFO | mystra: Executed create_spell
2025-03-03 13:13:49 | INFO | deneir: Learned from design_website - Expertise now 2.30
2025-03-03 13:13:49 | INFO | deneir: Executed design_website
2025-03-03 13:13:59 | INFO | azuth: Learned from optimize_spell - Expertise now 2.40
2025-03-03 13:13:59 | INFO | azuth: Executed optimize_spell
2025-03-03 13:14:09 | INFO | oghma: Received collaboration from mystra
2025-03-03 13:14:09 | INFO | mystra: Learned from create_spell - Expertise now 2.90
2025-03-03 13:14:09 | INFO | mystra: Executed create_spell
2025-03-03 13:14:19 | INFO | vhaeraun: Stole knowledge from mystra (value: 297) (took 0.00s)
2025-03-03 13:14:19 | INFO | oghma: Received collaboration from vhaeraun
2025-03-03 13:14:19 | INFO | vhaeraun: Learned from steal_knowledge - Expertise now 2.80
2025-03-03 13:14:19 | INFO | vhaeraun: Executed steal_knowledge
2025-03-03 13:14:29 | INFO | mystra: Learned from build_rooms - Expertise now 3.00
2025-03-03 13:14:29 | INFO | mystra: Executed build_rooms
2025-03-03 13:14:29 | INFO | torm: Learned from guard_zone - Expertise now 2.60
2025-03-03 13:14:29 | INFO | torm: Executed guard_zone
2025-03-03 13:14:39 | INFO | oghma: Received collaboration from mystra
2025-03-03 13:14:39 | INFO | mystra: Learned from create_spell - Expertise now 3.10
2025-03-03 13:14:39 | INFO | mystra: Executed create_spell
2025-03-03 13:14:49 | INFO | tyr: Learned from build_system - Expertise now 2.40
2025-03-03 13:14:49 | INFO | tyr: Executed build_system
2025-03-03 13:14:59 | INFO | Agent Status - Tasks Completed: 215, Rooms: 10100
2025-03-03 13:14:59 | INFO | selune: Learned from enhance_spell - Expertise now 2.50
2025-03-03 13:14:59 | INFO | selune: Executed enhance_spell
2025-03-03 13:15:09 | INFO | torm: Learned from guard_zone - Expertise now 2.70
2025-03-03 13:15:09 | INFO | torm: Executed guard_zone
2025-03-03 13:15:19 | INFO | tyr: Learned from build_system - Expertise now 2.50
2025-03-03 13:15:19 | INFO | tyr: Executed build_system
2025-03-03 13:15:29 | INFO | mystra: Learned from build_rooms - Expertise now 3.20
2025-03-03 13:15:29 | INFO | mystra: Executed build_rooms
2025-03-03 13:15:29 | INFO | ao: Low activity, health reduced to 93
2025-03-03 13:15:29 | INFO | vhaeraun: Stole knowledge from mystra (value: 193) (took 0.00s)
2025-03-03 13:15:29 | INFO | oghma: Received collaboration from vhaeraun
2025-03-03 13:15:29 | INFO | vhaeraun: Learned from steal_knowledge - Expertise now 2.90
2025-03-03 13:15:29 | INFO | vhaeraun: Executed steal_knowledge
2025-03-03 13:15:39 | INFO | tyr: Learned from build_system - Expertise now 2.60
2025-03-03 13:15:39 | INFO | tyr: Executed build_system
2025-03-03 13:15:49 | INFO | oghma: Received collaboration from mystra
2025-03-03 13:15:49 | INFO | mystra: Learned from create_spell - Expertise now 3.30
2025-03-03 13:15:49 | INFO | mystra: Executed create_spell
2025-03-03 13:15:59 | INFO | ao: Low activity, health reduced to 88
2025-03-03 13:15:59 | INFO | lolth: Low activity, health reduced to 12
2025-03-03 13:15:59 | INFO | oghma: Low activity, health reduced to 76
2025-03-03 13:15:59 | INFO | deneir: Low activity, health reduced to 13
2025-03-03 13:15:59 | INFO | oghma: Received collaboration from mystra
2025-03-03 13:15:59 | INFO | mystra: Learned from create_spell - Expertise now 3.40
2025-03-03 13:15:59 | INFO | mystra: Executed create_spell
2025-03-03 13:16:09 | INFO | lolth: Learned from weave_traps - Expertise now 2.40
2025-03-03 13:16:09 | INFO | lolth: Executed weave_traps
