2025-03-03 08:34:35,635 - Working: Starting task: {"agent": "deneir", "action": "design_website", "page": "index.html"}
2025-03-03 08:34:35,635 - Created: /mnt/home2/mud/website/index.html
2025-03-03 08:34:35,636 - Designed website page: index.html
2025-03-03 08:34:35,636 - Completed: Executed task: {"agent": "deneir", "action": "design_website", "page": "index.html"}
2025-03-03 08:34:35,637 - Completed: Task completed: {"agent": "deneir", "action": "design_website", "page": "index.html"}
2025-03-03 08:34:35,659 - Working: Starting task: {"agent": "deneir", "action": "design_website", "page": "index.html"}
2025-03-03 08:34:35,660 - Created: /mnt/home2/mud/website/index.html
2025-03-03 08:34:35,660 - Designed website page: index.html
2025-03-03 08:34:35,660 - Completed: Executed task: {"agent": "deneir", "action": "design_website", "page": "index.html"}
2025-03-03 08:34:35,661 - Completed: Task completed: {"agent": "deneir", "action": "design_website", "page": "index.html"}
2025-03-03 09:12:08,775 - Working: Starting task: {"agent": "deneir", "action": "design_website", "page": "index.html"}
2025-03-03 09:12:08,775 - Created: /mnt/home2/mud/website/index.html
2025-03-03 09:12:08,775 - Designed website page: index.html
2025-03-03 09:12:08,775 - Completed: Executed task: {"agent": "deneir", "action": "design_website", "page": "index.html"}
2025-03-03 09:12:08,776 - Completed: Task completed: {"agent": "deneir", "action": "design_website", "page": "index.html"}
2025-03-03 09:12:08,798 - Working: Starting task: {"agent": "deneir", "action": "design_website", "page": "index.html"}
2025-03-03 09:12:08,798 - Created: /mnt/home2/mud/website/index.html
2025-03-03 09:12:08,798 - Designed website page: index.html
2025-03-03 09:12:08,798 - Completed: Executed task: {"agent": "deneir", "action": "design_website", "page": "index.html"}
2025-03-03 09:12:08,799 - Completed: Task completed: {"agent": "deneir", "action": "design_website", "page": "index.html"}
