2025-03-03 13:08:29 | INFO | mystra: Created fireball at /mnt/home2/mud/modules/spells/generic/fireball.py (took 0.00s)
2025-03-03 13:08:29 | INFO | tyr: Built combat system at /mnt/home2/mud/modules/systems/combat.py (took 0.00s)
2025-03-03 13:08:29 | INFO | mystra: Built 100 rooms in Region_mystra_272 (took 0.00s)
2025-03-03 13:08:29 | INFO | tyr: Built 100 rooms in Region_tyr_174 (took 0.00s)
2025-03-03 13:08:29 | INFO | lolth: Built 100 rooms in Region_lolth_452 (took 0.00s)
2025-03-03 13:08:29 | INFO | mystra: Built 100 rooms in Region_mystra_976 (took 0.00s)
2025-03-03 13:08:29 | INFO | tyr: Built 100 rooms in Region_tyr_690 (took 0.00s)
2025-03-03 13:08:29 | INFO | lolth: Built 100 rooms in Region_lolth_67 (took 0.00s)
2025-03-03 13:08:29 | INFO | oghma: Built 100 rooms in Region_oghma_317 (took 0.00s)
2025-03-03 13:08:29 | INFO | deneir: Built 100 rooms in Region_deneir_98 (took 0.00s)
2025-03-03 13:08:29 | INFO | oghma: Organized /mnt/home2/mud/modules/quests_handler.py (took 0.00s)
2025-03-03 13:08:29 | INFO | oghma: Built 100 rooms in Region_oghma_442 (took 0.00s)
2025-03-03 13:08:29 | INFO | deneir: Built 100 rooms in Region_deneir_2 (took 0.00s)
2025-03-03 13:08:29 | INFO | selune: Built 100 rooms in Region_selune_33 (took 0.00s)
2025-03-03 13:08:29 | INFO | torm: Built 100 rooms in Region_torm_940 (took 0.00s)
2025-03-03 13:08:29 | INFO | vhaeraun: Built 100 rooms in Region_vhaeraun_438 (took 0.00s)
2025-03-03 13:08:29 | INFO | azuth: Built 100 rooms in Region_azuth_508 (took 0.00s)
2025-03-03 13:08:29 | INFO | selune: Built 100 rooms in Region_selune_174 (took 0.00s)
2025-03-03 13:08:29 | INFO | torm: Built 100 rooms in Region_torm_715 (took 0.00s)
2025-03-03 13:08:29 | INFO | vhaeraun: Built 100 rooms in Region_vhaeraun_131 (took 0.00s)
2025-03-03 13:08:29 | INFO | azuth: Built 100 rooms in Region_azuth_559 (took 0.00s)
2025-03-03 13:08:39 | INFO | lolth: Wove trap at /mnt/home2/mud/domains/underdark/trap.py (took 0.00s)
2025-03-03 13:08:49 | INFO | torm: Guarded /mnt/home2/mud/domains/cormanthor/guards.py (took 0.00s)
2025-03-03 13:09:09 | INFO | mystra: Built 100 rooms in Region_mystra_743 (took 0.00s)
2025-03-03 13:09:09 | INFO | tyr: Built 100 rooms in Region_tyr_622 (took 0.00s)
2025-03-03 13:09:09 | INFO | lolth: Built 100 rooms in Region_lolth_152 (took 0.00s)
2025-03-03 13:09:09 | INFO | oghma: Built 100 rooms in Region_oghma_773 (took 0.00s)
2025-03-03 13:09:09 | INFO | deneir: Built 100 rooms in Region_deneir_267 (took 0.00s)
2025-03-03 13:09:09 | INFO | selune: Built 100 rooms in Region_selune_799 (took 0.00s)
2025-03-03 13:09:09 | INFO | torm: Built 100 rooms in Region_torm_125 (took 0.00s)
2025-03-03 13:09:09 | INFO | vhaeraun: Built 100 rooms in Region_vhaeraun_292 (took 0.00s)
2025-03-03 13:09:09 | INFO | azuth: Built 100 rooms in Region_azuth_169 (took 0.00s)
2025-03-03 13:09:19 | INFO | oghma: Organized /mnt/home2/mud/modules/combat_handler.py (took 0.00s)
2025-03-03 13:09:29 | INFO | mystra: Built 100 rooms in Region_573 (took 0.00s)
2025-03-03 13:09:29 | INFO | mystra: Built 100 rooms in Region_mystra_874 (took 0.00s)
2025-03-03 13:09:29 | INFO | tyr: Built 100 rooms in Region_tyr_987 (took 0.00s)
2025-03-03 13:09:29 | INFO | lolth: Built 100 rooms in Region_lolth_483 (took 0.00s)
2025-03-03 13:09:29 | INFO | oghma: Built 100 rooms in Region_oghma_181 (took 0.00s)
2025-03-03 13:09:29 | INFO | deneir: Built 100 rooms in Region_deneir_478 (took 0.00s)
2025-03-03 13:09:29 | INFO | selune: Built 100 rooms in Region_selune_524 (took 0.00s)
2025-03-03 13:09:29 | INFO | torm: Built 100 rooms in Region_torm_567 (took 0.00s)
2025-03-03 13:09:29 | INFO | vhaeraun: Built 100 rooms in Region_vhaeraun_309 (took 0.00s)
2025-03-03 13:09:29 | INFO | azuth: Built 100 rooms in Region_azuth_95 (took 0.00s)
2025-03-03 13:09:39 | INFO | mystra: Built 100 rooms in Region_mystra_251 (took 0.00s)
2025-03-03 13:09:39 | INFO | tyr: Built 100 rooms in Region_tyr_136 (took 0.00s)
2025-03-03 13:09:39 | INFO | lolth: Built 100 rooms in Region_lolth_209 (took 0.00s)
2025-03-03 13:09:39 | INFO | oghma: Built 100 rooms in Region_oghma_846 (took 0.00s)
2025-03-03 13:09:39 | INFO | deneir: Built 100 rooms in Region_deneir_607 (took 0.00s)
2025-03-03 13:09:39 | INFO | selune: Built 100 rooms in Region_selune_689 (took 0.00s)
2025-03-03 13:09:39 | INFO | torm: Built 100 rooms in Region_torm_171 (took 0.00s)
2025-03-03 13:09:39 | INFO | vhaeraun: Built 100 rooms in Region_vhaeraun_158 (took 0.00s)
2025-03-03 13:09:39 | INFO | azuth: Built 100 rooms in Region_azuth_445 (took 0.00s)
2025-03-03 13:09:59 | INFO | torm: Guarded /mnt/home2/mud/domains/calimshan/guards.py (took 0.00s)
2025-03-03 13:10:09 | INFO | mystra: Built 100 rooms in Region_mystra_127 (took 0.00s)
2025-03-03 13:10:09 | INFO | tyr: Built 100 rooms in Region_tyr_528 (took 0.00s)
2025-03-03 13:10:09 | INFO | lolth: Built 100 rooms in Region_lolth_873 (took 0.00s)
2025-03-03 13:10:09 | INFO | oghma: Built 100 rooms in Region_oghma_167 (took 0.00s)
2025-03-03 13:10:09 | INFO | deneir: Built 100 rooms in Region_deneir_465 (took 0.00s)
2025-03-03 13:10:09 | INFO | selune: Built 100 rooms in Region_selune_251 (took 0.00s)
2025-03-03 13:10:09 | INFO | torm: Built 100 rooms in Region_torm_48 (took 0.00s)
2025-03-03 13:10:09 | INFO | vhaeraun: Built 100 rooms in Region_vhaeraun_967 (took 0.00s)
2025-03-03 13:10:09 | INFO | azuth: Built 100 rooms in Region_azuth_229 (took 0.00s)
2025-03-03 13:10:19 | INFO | lolth: Wove trap at /mnt/home2/mud/domains/underdark/trap.py (took 0.00s)
2025-03-03 13:10:29 | INFO | mystra: Built 100 rooms in Region_273 (took 0.00s)
2025-03-03 13:10:29 | INFO | mystra: Built 100 rooms in Region_mystra_498 (took 0.00s)
2025-03-03 13:10:29 | INFO | tyr: Built 100 rooms in Region_tyr_978 (took 0.00s)
2025-03-03 13:10:29 | INFO | lolth: Built 100 rooms in Region_lolth_617 (took 0.00s)
2025-03-03 13:10:29 | INFO | deneir: Built 100 rooms in Region_deneir_28 (took 0.05s)
2025-03-03 13:10:29 | INFO | selune: Built 100 rooms in Region_selune_896 (took 0.00s)
2025-03-03 13:10:29 | INFO | torm: Built 100 rooms in Region_torm_218 (took 0.00s)
2025-03-03 13:10:29 | INFO | vhaeraun: Built 100 rooms in Region_vhaeraun_521 (took 0.00s)
2025-03-03 13:10:29 | INFO | azuth: Built 100 rooms in Region_azuth_534 (took 0.00s)
2025-03-03 13:10:39 | INFO | deneir: Designed /mnt/home2/mud/website/page_7525.html (took 0.00s)
2025-03-03 13:10:49 | INFO | selune: Enhanced /mnt/home2/mud/modules/spells/generic/fireball.py (took 0.00s)
2025-03-03 13:10:59 | INFO | mystra: Created arcane_17678 at /mnt/home2/mud/modules/spells/generic/arcane_17678.py (took 0.00s)
2025-03-03 13:11:09 | INFO | torm: Guarded /mnt/home2/mud/domains/sword_coast/guards.py (took 0.00s)
2025-03-03 13:11:19 | INFO | selune: Enhanced /mnt/home2/mud/modules/spells/generic/fireball.py (took 0.00s)
2025-03-03 13:11:29 | INFO | tyr: Built 100 rooms in Region_tyr_16 (took 0.00s)
2025-03-03 13:11:29 | INFO | lolth: Built 100 rooms in Region_lolth_729 (took 0.00s)
2025-03-03 13:11:29 | INFO | oghma: Built 100 rooms in Region_oghma_200 (took 0.00s)
2025-03-03 13:11:29 | INFO | deneir: Built 100 rooms in Region_deneir_339 (took 0.00s)
2025-03-03 13:11:29 | INFO | selune: Built 100 rooms in Region_selune_484 (took 0.00s)
2025-03-03 13:11:29 | INFO | torm: Built 100 rooms in Region_torm_780 (took 0.00s)
2025-03-03 13:11:29 | INFO | vhaeraun: Built 100 rooms in Region_vhaeraun_320 (took 0.00s)
2025-03-03 13:11:29 | INFO | azuth: Built 100 rooms in Region_azuth_858 (took 0.00s)
2025-03-03 13:11:29 | INFO | tyr: Built 100 rooms in Region_tyr_790 (took 0.00s)
2025-03-03 13:11:29 | INFO | lolth: Built 100 rooms in Region_lolth_747 (took 0.00s)
2025-03-03 13:11:29 | INFO | oghma: Built 100 rooms in Region_oghma_186 (took 0.00s)
2025-03-03 13:11:29 | INFO | deneir: Built 100 rooms in Region_deneir_625 (took 0.00s)
2025-03-03 13:11:29 | INFO | selune: Built 100 rooms in Region_selune_62 (took 0.00s)
2025-03-03 13:11:29 | INFO | torm: Built 100 rooms in Region_torm_514 (took 0.00s)
2025-03-03 13:11:29 | INFO | vhaeraun: Built 100 rooms in Region_vhaeraun_905 (took 0.00s)
2025-03-03 13:11:29 | INFO | azuth: Built 100 rooms in Region_azuth_613 (took 0.00s)
2025-03-03 13:11:49 | INFO | torm: Guarded /mnt/home2/mud/domains/underdark/guards.py (took 0.00s)
2025-03-03 13:11:59 | INFO | azuth: Optimized /mnt/home2/mud/modules/spells/generic/fireball.py (took 0.00s)
2025-03-03 13:12:09 | INFO | mystra: Created arcane_72442 at /mnt/home2/mud/modules/spells/generic/arcane_72442.py (took 0.00s)
2025-03-03 13:12:19 | INFO | tyr: Built combat system at /mnt/home2/mud/modules/systems/combat.py (took 0.00s)
2025-03-03 13:12:29 | INFO | mystra: Built 100 rooms in Region_5 (took 0.00s)
2025-03-03 13:12:29 | INFO | selune: Enhanced /mnt/home2/mud/modules/spells/generic/fireball.py (took 0.00s)
2025-03-03 13:12:39 | INFO | mystra: Created arcane_45642 at /mnt/home2/mud/modules/spells/generic/arcane_45642.py (took 0.00s)
2025-03-03 13:12:59 | INFO | mystra: Built 100 rooms in Region_mystra_78 (took 0.00s)
2025-03-03 13:12:59 | INFO | tyr: Built 100 rooms in Region_tyr_437 (took 0.00s)
2025-03-03 13:12:59 | INFO | lolth: Built 100 rooms in Region_lolth_110 (took 0.00s)
2025-03-03 13:12:59 | INFO | oghma: Built 100 rooms in Region_oghma_1000 (took 0.00s)
2025-03-03 13:12:59 | INFO | deneir: Built 100 rooms in Region_deneir_468 (took 0.00s)
2025-03-03 13:12:59 | INFO | selune: Built 100 rooms in Region_selune_32 (took 0.00s)
2025-03-03 13:12:59 | INFO | torm: Built 100 rooms in Region_torm_851 (took 0.00s)
2025-03-03 13:12:59 | INFO | vhaeraun: Built 100 rooms in Region_vhaeraun_231 (took 0.00s)
2025-03-03 13:12:59 | INFO | azuth: Built 100 rooms in Region_azuth_526 (took 0.00s)
2025-03-03 13:13:29 | INFO | mystra: Built 100 rooms in Region_999 (took 0.00s)
2025-03-03 13:13:29 | INFO | mystra: Built 100 rooms in Region_mystra_863 (took 0.00s)
2025-03-03 13:13:29 | INFO | tyr: Built 100 rooms in Region_tyr_277 (took 0.00s)
2025-03-03 13:13:29 | INFO | lolth: Built 100 rooms in Region_lolth_223 (took 0.00s)
2025-03-03 13:13:29 | INFO | oghma: Built 100 rooms in Region_oghma_239 (took 0.00s)
2025-03-03 13:13:29 | INFO | deneir: Built 100 rooms in Region_deneir_161 (took 0.00s)
2025-03-03 13:13:29 | INFO | selune: Built 100 rooms in Region_selune_638 (took 0.00s)
2025-03-03 13:13:29 | INFO | torm: Built 100 rooms in Region_torm_899 (took 0.00s)
2025-03-03 13:13:29 | INFO | vhaeraun: Built 100 rooms in Region_vhaeraun_537 (took 0.00s)
2025-03-03 13:13:29 | INFO | azuth: Built 100 rooms in Region_azuth_336 (took 0.00s)
2025-03-03 13:13:29 | INFO | azuth: Optimized /mnt/home2/mud/modules/spells/generic/fireball.py (took 0.00s)
2025-03-03 13:13:39 | INFO | mystra: Created arcane_84684 at /mnt/home2/mud/modules/spells/generic/arcane_84684.py (took 0.00s)
2025-03-03 13:13:49 | INFO | deneir: Designed /mnt/home2/mud/website/page_1589.html (took 0.00s)
2025-03-03 13:13:59 | INFO | azuth: Optimized /mnt/home2/mud/modules/spells/generic/fireball.py (took 0.00s)
2025-03-03 13:14:09 | INFO | mystra: Created arcane_91610 at /mnt/home2/mud/modules/spells/generic/arcane_91610.py (took 0.00s)
2025-03-03 13:14:29 | INFO | mystra: Built 100 rooms in Region_698 (took 0.00s)
2025-03-03 13:14:29 | INFO | torm: Guarded /mnt/home2/mud/domains/icewind_dale/guards.py (took 0.00s)
2025-03-03 13:14:39 | INFO | mystra: Created arcane_71531 at /mnt/home2/mud/modules/spells/generic/arcane_71531.py (took 0.00s)
2025-03-03 13:14:49 | INFO | tyr: Built combat system at /mnt/home2/mud/modules/systems/combat.py (took 0.00s)
2025-03-03 13:14:59 | INFO | selune: Enhanced /mnt/home2/mud/modules/spells/generic/fireball.py (took 0.00s)
2025-03-03 13:15:09 | INFO | torm: Guarded /mnt/home2/mud/domains/cormanthor/guards.py (took 0.00s)
2025-03-03 13:15:19 | INFO | tyr: Built combat system at /mnt/home2/mud/modules/systems/combat.py (took 0.00s)
2025-03-03 13:15:29 | INFO | mystra: Built 100 rooms in Region_594 (took 0.00s)
2025-03-03 13:15:39 | INFO | tyr: Built combat system at /mnt/home2/mud/modules/systems/combat.py (took 0.00s)
2025-03-03 13:15:49 | INFO | mystra: Created arcane_29430 at /mnt/home2/mud/modules/spells/generic/arcane_29430.py (took 0.00s)
2025-03-03 13:15:59 | INFO | mystra: Created arcane_58585 at /mnt/home2/mud/modules/spells/generic/arcane_58585.py (took 0.00s)
2025-03-03 13:16:09 | INFO | lolth: Wove trap at /mnt/home2/mud/domains/underdark/trap.py (took 0.00s)
