2025-03-03 08:34:35,621 - ERROR - Error loading knowledge for ao: Expecting value: line 1 column 1 (char 0)
2025-03-03 09:12:08,760 - ERROR - Error loading knowledge for ao: Expecting value: line 1 column 1 (char 0)
2025-03-03 09:12:08,928 - ERROR - Scrape error for https://forgottenrealms.fandom.com/wiki/Faer%C3%BBn: cannot access local variable 'text' where it is not associated with a value
2025-03-03 09:12:11,952 - ERROR - Scrape error for https://forgottenrealms.fandom.com/wiki/Category:Locations_in_Faer%C3%BBn: cannot access local variable 'text' where it is not associated with a value
2025-03-03 09:12:14,970 - ERROR - Scrape error for https://forgottenrealms.fandom.com/wiki/Races_of_Faer%C3%BBn: cannot access local variable 'text' where it is not associated with a value
2025-03-03 09:12:17,137 - ERROR - Scrape error for https://discworld.starturtle.net/lpc: cannot access local variable 'text' where it is not associated with a value
2025-03-03 09:12:17,990 - ERROR - Scrape error for https://forgottenrealms.fandom.com/wiki/Category:Classes: cannot access local variable 'text' where it is not associated with a value
2025-03-03 09:12:20,428 - ERROR - Scrape error for https://discworld.starturtle.net/lpc/playing/documentation.c?path=/: cannot access local variable 'text' where it is not associated with a value
2025-03-03 09:12:21,011 - ERROR - Scrape error for https://forgottenrealms.fandom.com/wiki/Category:Organizations_in_Faer%C3%BBn: cannot access local variable 'text' where it is not associated with a value
2025-03-03 09:12:24,031 - ERROR - Scrape error for https://forgottenrealms.fandom.com/wiki/Category:Guilds: cannot access local variable 'text' where it is not associated with a value
2025-03-03 09:12:25,079 - ERROR - Scrape error for https://dwwiki.mooo.com/: cannot access local variable 'text' where it is not associated with a value
2025-03-03 09:12:27,054 - ERROR - Scrape error for https://forgottenrealms.fandom.com/wiki/Category:Drow_houses: cannot access local variable 'text' where it is not associated with a value
2025-03-03 09:12:28,505 - ERROR - Scrape error for https://dwwiki.mooo.com/wiki/Syntax: cannot access local variable 'text' where it is not associated with a value
2025-03-03 09:12:30,074 - ERROR - Scrape error for https://forgottenrealms.fandom.com/wiki/Category:Inhabitants_of_Faer%C3%BBn: cannot access local variable 'text' where it is not associated with a value
2025-03-03 09:12:31,937 - ERROR - Scrape error for https://dwwiki.mooo.com/wiki/Options: cannot access local variable 'text' where it is not associated with a value
2025-03-03 09:12:33,094 - ERROR - Scrape error for https://forgottenrealms.fandom.com/wiki/Category:Items_from_Faer%C3%BBn: cannot access local variable 'text' where it is not associated with a value
2025-03-03 09:12:35,390 - ERROR - Scrape error for https://dwwiki.mooo.com/wiki/Tactics: cannot access local variable 'text' where it is not associated with a value
2025-03-03 09:12:36,113 - ERROR - Scrape error for https://forgottenrealms.fandom.com/wiki/Category:Events_in_Faer%C3%BBn: cannot access local variable 'text' where it is not associated with a value
2025-03-03 09:12:38,841 - ERROR - Scrape error for https://dwwiki.mooo.com/wiki/Dodge: cannot access local variable 'text' where it is not associated with a value
2025-03-03 09:12:39,132 - ERROR - Scrape error for https://forgottenrealms.fandom.com/wiki/Category:Maps_of_Faer%C3%BBn: cannot access local variable 'text' where it is not associated with a value
2025-03-03 09:12:42,150 - ERROR - Scrape error for https://forgottenrealms.fandom.com/wiki/List_of_armor: cannot access local variable 'text' where it is not associated with a value
2025-03-03 09:12:42,295 - ERROR - Scrape error for https://dwwiki.mooo.com/wiki/Block: cannot access local variable 'text' where it is not associated with a value
2025-03-03 09:12:45,173 - ERROR - Scrape error for https://forgottenrealms.fandom.com/wiki/Category:Weapons: cannot access local variable 'text' where it is not associated with a value
2025-03-03 09:12:45,738 - ERROR - Scrape error for https://dwwiki.mooo.com/wiki/Parry: cannot access local variable 'text' where it is not associated with a value
2025-03-03 09:12:48,192 - ERROR - Scrape error for https://forgottenrealms.fandom.com/wiki/Category:Clothing: cannot access local variable 'text' where it is not associated with a value
2025-03-03 09:12:49,183 - ERROR - Scrape error for https://dwwiki.mooo.com/wiki/Defend: cannot access local variable 'text' where it is not associated with a value
2025-03-03 09:12:51,216 - ERROR - Scrape error for https://forgottenrealms.fandom.com/wiki/Category:Potions: cannot access local variable 'text' where it is not associated with a value
2025-03-03 09:12:52,621 - ERROR - Scrape error for https://dwwiki.mooo.com/wiki/Protect: cannot access local variable 'text' where it is not associated with a value
2025-03-03 09:12:54,235 - ERROR - Scrape error for https://forgottenrealms.fandom.com/wiki/Category:Climate_and_weather_events: cannot access local variable 'text' where it is not associated with a value
2025-03-03 09:12:56,060 - ERROR - Scrape error for https://dwwiki.mooo.com/wiki/Action_points: cannot access local variable 'text' where it is not associated with a value
2025-03-03 09:12:57,253 - ERROR - Scrape error for https://forgottenrealms.fandom.com/wiki/Category:Professions: cannot access local variable 'text' where it is not associated with a value
2025-03-03 09:12:59,607 - ERROR - Scrape error for https://dwwiki.mooo.com/wiki/Friend: cannot access local variable 'text' where it is not associated with a value
2025-03-03 09:13:00,279 - ERROR - Scrape error for https://forgottenrealms.fandom.com/wiki/Category:Spells: cannot access local variable 'text' where it is not associated with a value
2025-03-03 09:13:03,246 - ERROR - Scrape error for https://dwwiki.mooo.com/wiki/Inform: cannot access local variable 'text' where it is not associated with a value
2025-03-03 09:13:03,304 - ERROR - Scrape error for https://forgottenrealms.fandom.com/wiki/Category:Deities: cannot access local variable 'text' where it is not associated with a value
2025-03-03 09:13:06,709 - ERROR - Scrape error for https://dwwiki.mooo.com/wiki/Achievements: cannot access local variable 'text' where it is not associated with a value
2025-03-03 09:13:10,152 - ERROR - Scrape error for https://dwwiki.mooo.com/wiki/Quests: cannot access local variable 'text' where it is not associated with a value
2025-03-03 09:13:13,596 - ERROR - Scrape error for https://dwwiki.mooo.com/wiki/Soul: cannot access local variable 'text' where it is not associated with a value
2025-03-03 09:13:17,045 - ERROR - Scrape error for https://dwwiki.mooo.com/wiki/Roleplaying_(command): cannot access local variable 'text' where it is not associated with a value
2025-03-03 09:13:20,735 - ERROR - Scrape error for https://dwwiki.mooo.com/wiki/Customization: cannot access local variable 'text' where it is not associated with a value
2025-03-03 09:13:24,191 - ERROR - Scrape error for https://dwwiki.mooo.com/wiki/Writing_a_description: cannot access local variable 'text' where it is not associated with a value
2025-03-03 09:13:27,885 - ERROR - Scrape error for https://dwwiki.mooo.com/wiki/Title: cannot access local variable 'text' where it is not associated with a value
2025-03-03 09:13:31,349 - ERROR - Scrape error for https://dwwiki.mooo.com/wiki/Who: cannot access local variable 'text' where it is not associated with a value
2025-03-03 09:13:34,987 - ERROR - Scrape error for https://dwwiki.mooo.com/wiki/Position: cannot access local variable 'text' where it is not associated with a value
2025-03-03 09:13:38,465 - ERROR - Scrape error for https://dwwiki.mooo.com/wiki/Layers: cannot access local variable 'text' where it is not associated with a value
2025-03-03 09:13:42,161 - ERROR - Scrape error for https://dwwiki.mooo.com/wiki/Armours: cannot access local variable 'text' where it is not associated with a value
2025-03-03 09:13:45,954 - ERROR - Scrape error for https://dwwiki.mooo.com/wiki/Scabbard: cannot access local variable 'text' where it is not associated with a value
2025-03-03 09:13:49,419 - ERROR - Scrape error for https://dwwiki.mooo.com/wiki/Temperature: cannot access local variable 'text' where it is not associated with a value
2025-03-03 09:13:52,908 - ERROR - Scrape error for https://dwwiki.mooo.com/wiki/Clothing: cannot access local variable 'text' where it is not associated with a value
2025-03-03 09:13:56,366 - ERROR - Scrape error for https://dwwiki.mooo.com/wiki/Weather: cannot access local variable 'text' where it is not associated with a value
2025-03-03 09:13:59,797 - ERROR - Scrape error for https://dwwiki.mooo.com/wiki/Attack_messages: cannot access local variable 'text' where it is not associated with a value
2025-03-03 09:14:03,456 - ERROR - Scrape error for https://dwwiki.mooo.com/wiki/Alignment: cannot access local variable 'text' where it is not associated with a value
2025-03-03 09:14:07,360 - ERROR - Scrape error for https://www.gunde.de/discworld/sekiri/introduction.html: cannot access local variable 'text' where it is not associated with a value
2025-03-03 09:14:11,531 - ERROR - Scrape error for https://www.gunde.de/discworld/sekiri/spells1.html#eff: cannot access local variable 'text' where it is not associated with a value
2025-03-03 09:14:15,304 - ERROR - Scrape error for https://dwwiki.mooo.com/wiki/Spells: cannot access local variable 'text' where it is not associated with a value
