[2025-03-02 09:25:54] Task Ao_build_module_syntax.py_in_modules failed (attempt 1/3): Failed: name 'command' is not defined - wise tone
[2025-03-02 09:37:15] Task Ao_generate_mud_mud.py_in_mud_root failed (attempt 1/3): Failed: name 'ANSI_COLOURS' is not defined - wise tone
[2025-03-02 09:38:16] Task Ao_build_module_syntax.py_in_modules failed (attempt 2/3): Failed: name 'command' is not defined - wise tone
[2025-03-02 09:38:47] Task Ao_generate_mud_mud.py_in_mud_root failed (attempt 1/3): Failed: name 'ANSI_COLOURS' is not defined - wise tone
[2025-03-02 09:39:47] Task Ao_build_module_syntax.py_in_modules failed (attempt 3/3): Failed: name 'command' is not defined - wise tone
[2025-03-02 09:40:01] Task Ao_generate_mud_mud.py_in_mud_root failed (attempt 1/3): Failed: name 'ANSI_COLOURS' is not defined - wise tone
[2025-03-02 09:42:08] Max retries reached for Ao_build_module_syntax.py_in_modules, skipping - wise tone
[2025-03-02 09:42:39] Task Ao_generate_mud_mud.py_in_mud_root failed (attempt 1/3): Failed: name 'ANSI_COLOURS' is not defined - wise tone
[2025-03-02 09:45:08] Task Ao_generate_mud_mud.py_in_mud_root failed (attempt 1/3): Failed: name 'ANSI_COLOURS' is not defined - wise tone
[2025-03-02 09:47:41] Task Ao_build_module_colours.py_in_modules failed (attempt 1/3): Failed: name 'ANSI_COLOURS' is not defined - wise tone
[2025-03-02 09:50:05] Task Ao_generate_mud_mud.py_in_mud_root failed (attempt 1/3): Failed: name 'ANSI_COLOURS' is not defined - wise tone
[2025-03-02 09:50:30] Task Ao_build_module_colours.py_in_modules failed (attempt 2/3): Failed: name 'ANSI_COLOURS' is not defined - wise tone
[2025-03-02 09:53:24] Task Ao_generate_mud_mud.py_in_mud_root failed (attempt 1/3): Failed: name 'ANSI_COLOURS' is not defined - wise tone
[2025-03-02 09:53:55] Task Ao_build_module_colours.py_in_modules failed (attempt 3/3): Failed: name 'ANSI_COLOURS' is not defined - wise tone
[2025-03-02 09:57:48] Task Ao_generate_mud_mud.py_in_mud_root failed (attempt 1/3): Failed: name 'ANSI_COLOURS' is not defined - wise tone
[2025-03-02 09:57:48] Max retries reached for Ao_build_module_colours.py_in_modules, skipping - wise tone
[2025-03-02 10:00:28] Task Ao_build_module_term.py_in_modules failed (attempt 1/3): Failed: name 'term_type' is not defined - wise tone
[2025-03-02 10:02:05] Task Ao_generate_mud_mud.py_in_mud_root failed (attempt 1/3): Failed: name 'ANSI_COLOURS' is not defined - wise tone
[2025-03-02 10:03:37] Task Ao_build_module_term.py_in_modules failed (attempt 2/3): Failed: name 'term_type' is not defined - wise tone
[2025-03-02 10:05:09] Task Ao_build_module_colours.py_in_modules failed (attempt 1/3): Failed: name 'ANSI_COLOURS' is not defined - wise tone
[2025-03-02 10:05:20] Task Ao_generate_mud_mud.py_in_mud_root failed (attempt 1/3): Failed: name 'ANSI_COLOURS' is not defined - wise tone
[2025-03-02 10:05:26] Task Ao_build_module_term.py_in_modules failed (attempt 3/3): Failed: name 'term_type' is not defined - wise tone
[2025-03-02 10:06:58] Task Ao_build_module_colours.py_in_modules failed (attempt 2/3): Failed: name 'ANSI_COLOURS' is not defined - wise tone
[2025-03-02 10:07:31] Task Ao_generate_mud_mud.py_in_mud_root failed (attempt 1/3): Failed: name 'ANSI_COLOURS' is not defined - wise tone
[2025-03-02 10:07:31] Max retries reached for Ao_build_module_term.py_in_modules, skipping - wise tone
[2025-03-02 10:08:32] Task Ao_build_module_colours.py_in_modules failed (attempt 3/3): Failed: name 'ANSI_COLOURS' is not defined - wise tone
[2025-03-02 10:09:35] Task Ao_build_module_network.py_in_modules failed (attempt 1/3): Failed: name 'option' is not defined - wise tone
[2025-03-02 10:10:33] Task Ao_generate_mud_mud.py_in_mud_root failed (attempt 1/3): Failed: name 'ANSI_COLOURS' is not defined - wise tone
[2025-03-02 10:11:05] Max retries reached for Ao_build_module_colours.py_in_modules, skipping - wise tone
[2025-03-02 10:11:50] Task Ao_build_module_network.py_in_modules failed (attempt 2/3): Failed: name 'option' is not defined - wise tone
[2025-03-02 10:12:53] Task Ao_build_module_term.py_in_modules failed (attempt 1/3): Failed: name 'term_type' is not defined - wise tone
[2025-03-02 10:14:13] Task Ao_generate_mud_mud.py_in_mud_root failed (attempt 1/3): Failed: name 'ANSI_COLOURS' is not defined - wise tone
[2025-03-02 10:14:46] Task Ao_build_module_network.py_in_modules failed (attempt 3/3): Failed: name 'option' is not defined - wise tone
[2025-03-02 10:15:21] Task Ao_build_module_term.py_in_modules failed (attempt 2/3): Failed: name 'term_type' is not defined - wise tone
[2025-03-02 10:17:20] Task Ao_generate_mud_mud.py_in_mud_root failed (attempt 1/3): Failed: name 'ANSI_COLOURS' is not defined - wise tone
[2025-03-02 10:17:20] Max retries reached for Ao_build_module_network.py_in_modules, skipping - wise tone
[2025-03-02 10:17:52] Task Ao_build_module_term.py_in_modules failed (attempt 3/3): Failed: name 'term_type' is not defined - wise tone
[2025-03-02 10:20:16] Task Ao_generate_mud_mud.py_in_mud_root failed (attempt 1/3): Failed: name 'ANSI_COLOURS' is not defined - wise tone
[2025-03-02 10:20:16] Max retries reached for Ao_build_module_term.py_in_modules, skipping - wise tone
[2025-03-02 10:20:56] Task Ao_build_module_network.py_in_modules failed (attempt 1/3): Failed: name 'option' is not defined - wise tone
[2025-03-02 10:21:27] Task Ao_generate_mud_mud.py_in_mud_root failed (attempt 1/3): Failed: name 'ANSI_COLOURS' is not defined - wise tone
[2025-03-02 10:22:31] Task Ao_build_module_network.py_in_modules failed (attempt 2/3): Failed: name 'option' is not defined - wise tone
[2025-03-02 10:22:44] Task Ao_generate_mud_mud.py_in_mud_root failed (attempt 1/3): Failed: name 'ANSI_COLOURS' is not defined - wise tone
[2025-03-02 10:22:56] Task Ao_build_module_network.py_in_modules failed (attempt 3/3): Failed: name 'option' is not defined - wise tone
[2025-03-02 10:23:59] Task Ao_generate_mud_mud.py_in_mud_root failed (attempt 1/3): Failed: name 'ANSI_COLOURS' is not defined - wise tone
[2025-03-02 10:23:59] Max retries reached for Ao_build_module_network.py_in_modules, skipping - wise tone
[2025-03-02 10:25:19] Task Ao_generate_mud_mud.py_in_mud_root failed (attempt 1/3): Failed: name 'ANSI_COLOURS' is not defined - wise tone
[2025-03-02 10:25:59] Task Ao_generate_mud_mud.py_in_mud_root failed (attempt 1/3): Failed: name 'ANSI_COLOURS' is not defined - wise tone
[2025-03-02 10:27:35] Task Ao_generate_mud_mud.py_in_mud_root failed (attempt 1/3): Failed: name 'ANSI_COLOURS' is not defined - wise tone
