[2025-03-02 09:41:06] Task Bane_build_module_term.py_in_modules failed (attempt 1/3): Failed: name 'term_type' is not defined - harsh tone
[2025-03-02 09:44:11] Task Bane_build_module_term.py_in_modules failed (attempt 2/3): Failed: name 'term_type' is not defined - harsh tone
[2025-03-02 09:46:09] Task Bane_build_module_term.py_in_modules failed (attempt 3/3): Failed: name 'term_type' is not defined - harsh tone
[2025-03-02 09:48:42] Task Bane_build_module_network.py_in_modules failed (attempt 1/3): Failed: name 'option' is not defined - harsh tone
[2025-03-02 09:50:21] Max retries reached for Bane_build_module_term.py_in_modules, skipping - harsh tone
[2025-03-02 09:51:31] Task Bane_build_module_network.py_in_modules failed (attempt 2/3): Failed: name 'option' is not defined - harsh tone
[2025-03-02 09:54:59] Task Bane_build_module_network.py_in_modules failed (attempt 3/3): Failed: name 'option' is not defined - harsh tone
[2025-03-02 09:58:20] Max retries reached for Bane_build_module_network.py_in_modules, skipping - harsh tone
[2025-03-02 10:01:00] Task Bane_build_module_term.py_in_modules failed (attempt 1/3): Failed: name 'term_type' is not defined - harsh tone
[2025-03-02 10:04:08] Task Bane_build_module_term.py_in_modules failed (attempt 1/3): Failed: name 'term_type' is not defined - harsh tone
[2025-03-02 10:05:57] Task Bane_build_module_term.py_in_modules failed (attempt 1/3): Failed: name 'term_type' is not defined - harsh tone
[2025-03-02 10:08:01] Task Bane_build_module_term.py_in_modules failed (attempt 2/3): Failed: name 'term_type' is not defined - harsh tone
[2025-03-02 10:11:05] Task Bane_build_module_term.py_in_modules failed (attempt 3/3): Failed: name 'term_type' is not defined - harsh tone
[2025-03-02 10:14:13] Max retries reached for Bane_build_module_term.py_in_modules, skipping - harsh tone
[2025-03-02 10:19:44] Task Bane_build_module_syntax.py_in_modules failed (attempt 1/3): Failed: name 'command' is not defined - harsh tone
[2025-03-02 10:20:24] Task Bane_build_module_syntax.py_in_modules failed (attempt 2/3): Failed: name 'command' is not defined - harsh tone
[2025-03-02 10:21:59] Task Bane_build_module_syntax.py_in_modules failed (attempt 3/3): Failed: name 'command' is not defined - harsh tone
[2025-03-02 10:22:44] Max retries reached for Bane_build_module_syntax.py_in_modules, skipping - harsh tone
[2025-03-02 10:27:03] Task Bane_build_module_network.py_in_modules failed (attempt 1/3): Failed: name 'option' is not defined - harsh tone
[2025-03-02 10:28:07] Task Bane_build_module_network.py_in_modules failed (attempt 2/3): Failed: name 'option' is not defined - harsh tone
