[2025-03-02 09:25:23] Assigned: build_module - syntax.py in modules by Collective - wise tone
[2025-03-02 09:25:23] Assigned: generate_mud - mud.py in mud_root by System - wise tone
[2025-03-02 09:37:46] Assigned: generate_mud - mud.py in mud_root by System - wise tone
[2025-03-02 09:39:19] Assigned: generate_mud - mud.py in mud_root by System - wise tone
[2025-03-02 09:42:08] Assigned: generate_mud - mud.py in mud_root by System - wise tone
[2025-03-02 09:44:50] Assigned: build_module - colours.py in modules by Collective - wise tone
[2025-03-02 09:44:50] Assigned: generate_mud - mud.py in mud_root by System - wise tone
[2025-03-02 09:49:43] Assigned: generate_mud - mud.py in mud_root by System - wise tone
[2025-03-02 09:52:53] Assigned: generate_mud - mud.py in mud_root by System - wise tone
[2025-03-02 09:57:16] Assigned: build_module - term.py in modules by Collective - wise tone
[2025-03-02 09:57:16] Assigned: generate_mud - mud.py in mud_root by System - wise tone
[2025-03-02 10:01:33] Assigned: build_module - colours.py in modules by Collective - wise tone
[2025-03-02 10:01:33] Assigned: generate_mud - mud.py in mud_root by System - wise tone
[2025-03-02 10:05:09] Assigned: generate_mud - mud.py in mud_root by System - wise tone
[2025-03-02 10:07:00] Assigned: build_module - network.py in modules by Collective - wise tone
[2025-03-02 10:07:00] Assigned: generate_mud - mud.py in mud_root by System - wise tone
[2025-03-02 10:10:07] Assigned: build_module - term.py in modules by Collective - wise tone
[2025-03-02 10:10:07] Assigned: generate_mud - mud.py in mud_root by System - wise tone
[2025-03-02 10:14:05] Assigned: generate_mud - mud.py in mud_root by System - wise tone
[2025-03-02 10:16:48] Assigned: generate_mud - mud.py in mud_root by System - wise tone
[2025-03-02 10:19:44] Assigned: build_module - network.py in modules by Collective - wise tone
[2025-03-02 10:19:44] Assigned: generate_mud - mud.py in mud_root by System - wise tone
[2025-03-02 10:20:56] Assigned: generate_mud - mud.py in mud_root by System - wise tone
[2025-03-02 10:22:39] Assigned: generate_mud - mud.py in mud_root by System - wise tone
[2025-03-02 10:23:28] Assigned: generate_mud - mud.py in mud_root by System - wise tone
[2025-03-02 10:24:47] Assigned: generate_mud - mud.py in mud_root by System - wise tone
[2025-03-02 10:25:27] Assigned: generate_mud - mud.py in mud_root by System - wise tone
[2025-03-02 10:27:03] Assigned: generate_mud - mud.py in mud_root by System - wise tone
[2025-03-02 10:28:39] Assigned: build_module - network.py in modules by Collective - wise tone
[2025-03-02 10:28:39] Assigned: generate_mud - mud.py in mud_root by System - wise tone
